<?xml version="1.0" encoding="utf-8"?>
<CoverageSession xmlns:xsd="http://www.w3.org/2001/XMLSchema" xmlns:xsi="http://www.w3.org/2001/XMLSchema-instance">
  <Summary numSequencePoints="1781" visitedSequencePoints="1231" numBranchPoints="304" visitedBranchPoints="190" sequenceCoverage="69.12" branchCoverage="62.5" maxCyclomaticComplexity="14" minCyclomaticComplexity="1" visitedClasses="12" numClasses="19" visitedMethods="104" numMethods="154" />
  <Modules>
    <Module skippedDueTo="Filter" hash="78-86-CA-91-BC-E9-44-44-8A-FE-35-6A-EA-51-55-5A-F6-5A-42-46">
      <ModulePath>C:\Windows\Microsoft.Net\assembly\GAC_32\mscorlib\v4.0_4.0.0.0__b77a5c561934e089\mscorlib.dll</ModulePath>
      <ModuleTime>2016-09-14T20:14:34.4957335Z</ModuleTime>
      <ModuleName>mscorlib</ModuleName>
      <Classes />
    </Module>
    <Module hash="7D-FD-DD-ED-69-87-8D-27-7E-0C-A9-45-B2-54-8A-48-72-DF-17-BD">
      <Summary numSequencePoints="1781" visitedSequencePoints="1231" numBranchPoints="304" visitedBranchPoints="190" sequenceCoverage="69.12" branchCoverage="62.5" maxCyclomaticComplexity="14" minCyclomaticComplexity="1" visitedClasses="12" numClasses="19" visitedMethods="104" numMethods="154" />
      <ModulePath>C:\Users\Joe\Documents\Visual Studio 2015\Projects\393_Food_Machine\393_Food_Machine\bin\Debug\393_Food_Machine.exe</ModulePath>
      <ModuleTime>2016-11-21T19:28:09.3799007Z</ModuleTime>
      <ModuleName>393_Food_Machine</ModuleName>
      <Files>
        <File uid="1" fullPath="C:\Users\Joe\documents\visual studio 2015\Projects\393_Food_Machine\393_Food_Machine\Models\Editable.cs" />
        <File uid="2" fullPath="C:\Users\Joe\documents\visual studio 2015\Projects\393_Food_Machine\393_Food_Machine\Views\EditRecipe.Designer.cs" />
        <File uid="3" fullPath="C:\Users\Joe\documents\visual studio 2015\Projects\393_Food_Machine\393_Food_Machine\Views\EditRecipe.cs" />
        <File uid="4" fullPath="C:\Users\Joe\documents\visual studio 2015\Projects\393_Food_Machine\393_Food_Machine\Models\GroceryList.cs" />
        <File uid="5" fullPath="C:\Users\Joe\documents\visual studio 2015\Projects\393_Food_Machine\393_Food_Machine\Views\IndivRecipeUI.Designer.cs" />
        <File uid="6" fullPath="C:\Users\Joe\documents\visual studio 2015\Projects\393_Food_Machine\393_Food_Machine\Views\IndivRecipeUI.cs" />
        <File uid="7" fullPath="C:\Users\Joe\documents\visual studio 2015\Projects\393_Food_Machine\393_Food_Machine\Models\Ingredient.cs" />
        <File uid="8" fullPath="C:\Users\Joe\documents\visual studio 2015\Projects\393_Food_Machine\393_Food_Machine\Program.cs" />
        <File uid="9" fullPath="C:\Users\Joe\documents\visual studio 2015\Projects\393_Food_Machine\393_Food_Machine\Models\Recipe.cs" />
        <File uid="10" fullPath="C:\Users\Joe\documents\visual studio 2015\Projects\393_Food_Machine\393_Food_Machine\Views\RecipeCategorySelect.Designer.cs" />
        <File uid="11" fullPath="C:\Users\Joe\documents\visual studio 2015\Projects\393_Food_Machine\393_Food_Machine\Views\RecipeCategorySelect.cs" />
        <File uid="12" fullPath="C:\Users\Joe\documents\visual studio 2015\Projects\393_Food_Machine\393_Food_Machine\Views\RecipeList.Designer.cs" />
        <File uid="13" fullPath="C:\Users\Joe\documents\visual studio 2015\Projects\393_Food_Machine\393_Food_Machine\Views\RecipeList.cs" />
        <File uid="14" fullPath="C:\Users\Joe\documents\visual studio 2015\Projects\393_Food_Machine\393_Food_Machine\Models\Store.cs" />
        <File uid="15" fullPath="C:\Users\Joe\documents\visual studio 2015\Projects\393_Food_Machine\393_Food_Machine\Properties\Resources.Designer.cs" />
        <File uid="16" fullPath="C:\Users\Joe\documents\visual studio 2015\Projects\393_Food_Machine\393_Food_Machine\Properties\Settings.Designer.cs" />
        <File uid="17" fullPath="C:\Users\Joe\documents\visual studio 2015\Projects\393_Food_Machine\393_Food_Machine\Views\EditStore.Designer.cs" />
        <File uid="18" fullPath="C:\Users\Joe\documents\visual studio 2015\Projects\393_Food_Machine\393_Food_Machine\Views\EditStore.cs" />
        <File uid="19" fullPath="C:\Users\Joe\documents\visual studio 2015\Projects\393_Food_Machine\393_Food_Machine\Views\HomeScreen.Designer.cs" />
        <File uid="20" fullPath="C:\Users\Joe\documents\visual studio 2015\Projects\393_Food_Machine\393_Food_Machine\Views\HomeScreen.cs" />
        <File uid="21" fullPath="C:\Users\Joe\documents\visual studio 2015\Projects\393_Food_Machine\393_Food_Machine\Views\IngredientList.Designer.cs" />
        <File uid="22" fullPath="C:\Users\Joe\documents\visual studio 2015\Projects\393_Food_Machine\393_Food_Machine\Views\IngredientList.cs" />
        <File uid="23" fullPath="C:\Users\Joe\documents\visual studio 2015\Projects\393_Food_Machine\393_Food_Machine\Views\LoadingScreen.Designer.cs" />
        <File uid="24" fullPath="C:\Users\Joe\documents\visual studio 2015\Projects\393_Food_Machine\393_Food_Machine\Views\LoadingScreen.cs" />
        <File uid="25" fullPath="C:\Users\Joe\documents\visual studio 2015\Projects\393_Food_Machine\393_Food_Machine\Views\StoreList.Designer.cs" />
        <File uid="26" fullPath="C:\Users\Joe\documents\visual studio 2015\Projects\393_Food_Machine\393_Food_Machine\Views\StoreList.cs" />
        <File uid="27" fullPath="C:\Users\Joe\documents\visual studio 2015\Projects\393_Food_Machine\393_Food_Machine\Models\APICalls.cs" />
        <File uid="28" fullPath="C:\Users\Joe\documents\visual studio 2015\Projects\393_Food_Machine\393_Food_Machine\Models\FieldValidator.cs" />
      </Files>
      <Classes>
        <Class>
          <Summary numSequencePoints="0" visitedSequencePoints="0" numBranchPoints="0" visitedBranchPoints="0" sequenceCoverage="0" branchCoverage="0" maxCyclomaticComplexity="0" minCyclomaticComplexity="0" visitedClasses="0" numClasses="0" visitedMethods="0" numMethods="0" />
          <FullName>&lt;Module&gt;</FullName>
          <Methods />
        </Class>
        <Class>
          <Summary numSequencePoints="29" visitedSequencePoints="25" numBranchPoints="7" visitedBranchPoints="7" sequenceCoverage="86.21" branchCoverage="100" maxCyclomaticComplexity="1" minCyclomaticComplexity="1" visitedClasses="1" numClasses="1" visitedMethods="7" numMethods="7" />
          <FullName>_393_Food_Machine.Editable</FullName>
          <Methods>
            <Method visited="true" cyclomaticComplexity="1" nPathComplexity="0" sequenceCoverage="100" branchCoverage="100" isConstructor="false" isStatic="false" isGetter="true" isSetter="false">
              <Summary numSequencePoints="1" visitedSequencePoints="1" numBranchPoints="1" visitedBranchPoints="1" sequenceCoverage="100" branchCoverage="100" maxCyclomaticComplexity="1" minCyclomaticComplexity="1" visitedClasses="0" numClasses="0" visitedMethods="1" numMethods="1" />
              <MetadataToken>100663297</MetadataToken>
              <Name>System.String _393_Food_Machine.Editable::get_uri()</Name>
              <FileRef uid="1" />
              <SequencePoints>
                <SequencePoint vc="72" uspid="1" ordinal="0" offset="0" sl="13" sc="29" el="13" ec="33" bec="0" bev="0" fileid="1" />
              </SequencePoints>
              <BranchPoints />
              <MethodPoint xsi:type="SequencePoint" vc="72" uspid="1" ordinal="0" offset="0" sl="13" sc="29" el="13" ec="33" bec="0" bev="0" fileid="1" />
            </Method>
            <Method visited="true" cyclomaticComplexity="1" nPathComplexity="0" sequenceCoverage="100" branchCoverage="100" isConstructor="false" isStatic="false" isGetter="false" isSetter="true">
              <Summary numSequencePoints="1" visitedSequencePoints="1" numBranchPoints="1" visitedBranchPoints="1" sequenceCoverage="100" branchCoverage="100" maxCyclomaticComplexity="1" minCyclomaticComplexity="1" visitedClasses="0" numClasses="0" visitedMethods="1" numMethods="1" />
              <MetadataToken>100663298</MetadataToken>
              <Name>System.Void _393_Food_Machine.Editable::set_uri(System.String)</Name>
              <FileRef uid="1" />
              <SequencePoints>
                <SequencePoint vc="75" uspid="2" ordinal="0" offset="0" sl="13" sc="34" el="13" ec="38" bec="0" bev="0" fileid="1" />
              </SequencePoints>
              <BranchPoints />
              <MethodPoint xsi:type="SequencePoint" vc="75" uspid="2" ordinal="0" offset="0" sl="13" sc="34" el="13" ec="38" bec="0" bev="0" fileid="1" />
            </Method>
            <Method visited="true" cyclomaticComplexity="1" nPathComplexity="0" sequenceCoverage="100" branchCoverage="100" isConstructor="false" isStatic="false" isGetter="true" isSetter="false">
              <Summary numSequencePoints="1" visitedSequencePoints="1" numBranchPoints="1" visitedBranchPoints="1" sequenceCoverage="100" branchCoverage="100" maxCyclomaticComplexity="1" minCyclomaticComplexity="1" visitedClasses="0" numClasses="0" visitedMethods="1" numMethods="1" />
              <MetadataToken>100663299</MetadataToken>
              <Name>System.String _393_Food_Machine.Editable::get_name()</Name>
              <FileRef uid="1" />
              <SequencePoints>
                <SequencePoint vc="136" uspid="3" ordinal="0" offset="0" sl="14" sc="30" el="14" ec="34" bec="0" bev="0" fileid="1" />
              </SequencePoints>
              <BranchPoints />
              <MethodPoint xsi:type="SequencePoint" vc="136" uspid="3" ordinal="0" offset="0" sl="14" sc="30" el="14" ec="34" bec="0" bev="0" fileid="1" />
            </Method>
            <Method visited="true" cyclomaticComplexity="1" nPathComplexity="0" sequenceCoverage="100" branchCoverage="100" isConstructor="false" isStatic="false" isGetter="false" isSetter="true">
              <Summary numSequencePoints="1" visitedSequencePoints="1" numBranchPoints="1" visitedBranchPoints="1" sequenceCoverage="100" branchCoverage="100" maxCyclomaticComplexity="1" minCyclomaticComplexity="1" visitedClasses="0" numClasses="0" visitedMethods="1" numMethods="1" />
              <MetadataToken>100663300</MetadataToken>
              <Name>System.Void _393_Food_Machine.Editable::set_name(System.String)</Name>
              <FileRef uid="1" />
              <SequencePoints>
                <SequencePoint vc="107" uspid="4" ordinal="0" offset="0" sl="14" sc="35" el="14" ec="39" bec="0" bev="0" fileid="1" />
              </SequencePoints>
              <BranchPoints />
              <MethodPoint xsi:type="SequencePoint" vc="107" uspid="4" ordinal="0" offset="0" sl="14" sc="35" el="14" ec="39" bec="0" bev="0" fileid="1" />
            </Method>
            <Method visited="true" cyclomaticComplexity="1" nPathComplexity="0" sequenceCoverage="100" branchCoverage="100" isConstructor="false" isStatic="false" isGetter="false" isSetter="false">
              <Summary numSequencePoints="10" visitedSequencePoints="10" numBranchPoints="1" visitedBranchPoints="1" sequenceCoverage="100" branchCoverage="100" maxCyclomaticComplexity="1" minCyclomaticComplexity="1" visitedClasses="0" numClasses="0" visitedMethods="1" numMethods="1" />
              <MetadataToken>100663302</MetadataToken>
              <Name>System.Boolean _393_Food_Machine.Editable::PushExistingItem()</Name>
              <FileRef uid="1" />
              <SequencePoints>
                <SequencePoint vc="2" uspid="5" ordinal="0" offset="0" sl="18" sc="40" el="18" ec="41" bec="0" bev="0" fileid="1" />
                <SequencePoint vc="2" uspid="6" ordinal="1" offset="1" sl="20" sc="13" el="20" ec="14" bec="0" bev="0" fileid="1" />
                <SequencePoint vc="2" uspid="7" ordinal="2" offset="2" sl="21" sc="17" el="21" ec="63" bec="0" bev="0" fileid="1" />
                <SequencePoint vc="1" uspid="8" ordinal="3" offset="9" sl="22" sc="17" el="22" ec="47" bec="0" bev="0" fileid="1" />
                <SequencePoint vc="1" uspid="9" ordinal="4" offset="21" sl="23" sc="17" el="23" ec="29" bec="0" bev="0" fileid="1" />
                <SequencePoint vc="1" uspid="10" ordinal="5" offset="25" sl="25" sc="13" el="25" ec="31" bec="0" bev="0" fileid="1" />
                <SequencePoint vc="1" uspid="11" ordinal="6" offset="26" sl="26" sc="13" el="26" ec="14" bec="0" bev="0" fileid="1" />
                <SequencePoint vc="1" uspid="12" ordinal="7" offset="27" sl="27" sc="17" el="27" ec="132" bec="0" bev="0" fileid="1" />
                <SequencePoint vc="1" uspid="13" ordinal="8" offset="55" sl="28" sc="17" el="28" ec="30" bec="0" bev="0" fileid="1" />
                <SequencePoint vc="2" uspid="14" ordinal="9" offset="59" sl="31" sc="9" el="31" ec="10" bec="0" bev="0" fileid="1" />
              </SequencePoints>
              <BranchPoints />
              <MethodPoint xsi:type="SequencePoint" vc="2" uspid="5" ordinal="0" offset="0" sl="18" sc="40" el="18" ec="41" bec="0" bev="0" fileid="1" />
            </Method>
            <Method visited="true" cyclomaticComplexity="1" nPathComplexity="0" sequenceCoverage="60" branchCoverage="100" isConstructor="false" isStatic="false" isGetter="false" isSetter="false">
              <Summary numSequencePoints="10" visitedSequencePoints="6" numBranchPoints="1" visitedBranchPoints="1" sequenceCoverage="60" branchCoverage="100" maxCyclomaticComplexity="1" minCyclomaticComplexity="1" visitedClasses="0" numClasses="0" visitedMethods="1" numMethods="1" />
              <MetadataToken>100663303</MetadataToken>
              <Name>System.Boolean _393_Food_Machine.Editable::DeleteItem()</Name>
              <FileRef uid="1" />
              <SequencePoints>
                <SequencePoint vc="1" uspid="15" ordinal="0" offset="0" sl="34" sc="9" el="34" ec="10" bec="0" bev="0" fileid="1" />
                <SequencePoint vc="1" uspid="16" ordinal="1" offset="1" sl="36" sc="13" el="36" ec="14" bec="0" bev="0" fileid="1" />
                <SequencePoint vc="1" uspid="17" ordinal="2" offset="2" sl="37" sc="17" el="37" ec="66" bec="0" bev="0" fileid="1" />
                <SequencePoint vc="1" uspid="18" ordinal="3" offset="9" sl="38" sc="17" el="38" ec="47" bec="0" bev="0" fileid="1" />
                <SequencePoint vc="1" uspid="19" ordinal="4" offset="21" sl="39" sc="17" el="39" ec="29" bec="0" bev="0" fileid="1" />
                <SequencePoint vc="0" uspid="20" ordinal="5" offset="25" sl="41" sc="13" el="41" ec="32" bec="0" bev="0" fileid="1" />
                <SequencePoint vc="0" uspid="21" ordinal="6" offset="26" sl="42" sc="13" el="42" ec="14" bec="0" bev="0" fileid="1" />
                <SequencePoint vc="0" uspid="22" ordinal="7" offset="27" sl="43" sc="17" el="43" ec="132" bec="0" bev="0" fileid="1" />
                <SequencePoint vc="0" uspid="23" ordinal="8" offset="55" sl="44" sc="17" el="44" ec="30" bec="0" bev="0" fileid="1" />
                <SequencePoint vc="1" uspid="24" ordinal="9" offset="59" sl="46" sc="9" el="46" ec="10" bec="0" bev="0" fileid="1" />
              </SequencePoints>
              <BranchPoints />
              <MethodPoint xsi:type="SequencePoint" vc="1" uspid="15" ordinal="0" offset="0" sl="34" sc="9" el="34" ec="10" bec="0" bev="0" fileid="1" />
            </Method>
            <Method visited="true" cyclomaticComplexity="1" nPathComplexity="0" sequenceCoverage="100" branchCoverage="100" isConstructor="false" isStatic="false" isGetter="false" isSetter="false">
              <Summary numSequencePoints="5" visitedSequencePoints="5" numBranchPoints="1" visitedBranchPoints="1" sequenceCoverage="100" branchCoverage="100" maxCyclomaticComplexity="1" minCyclomaticComplexity="1" visitedClasses="0" numClasses="0" visitedMethods="1" numMethods="1" />
              <MetadataToken>100663304</MetadataToken>
              <Name>System.String _393_Food_Machine.Editable::ToString()</Name>
              <FileRef uid="1" />
              <SequencePoints>
                <SequencePoint vc="13" uspid="25" ordinal="0" offset="0" sl="50" sc="9" el="50" ec="10" bec="0" bev="0" fileid="1" />
                <SequencePoint vc="13" uspid="26" ordinal="1" offset="1" sl="51" sc="13" el="51" ec="65" bec="0" bev="0" fileid="1" />
                <SequencePoint vc="13" uspid="27" ordinal="2" offset="13" sl="52" sc="13" el="52" ec="67" bec="0" bev="0" fileid="1" />
                <SequencePoint vc="13" uspid="28" ordinal="3" offset="20" sl="53" sc="13" el="53" ec="28" bec="0" bev="0" fileid="1" />
                <SequencePoint vc="13" uspid="29" ordinal="4" offset="24" sl="54" sc="9" el="54" ec="10" bec="0" bev="0" fileid="1" />
              </SequencePoints>
              <BranchPoints />
              <MethodPoint xsi:type="SequencePoint" vc="13" uspid="25" ordinal="0" offset="0" sl="50" sc="9" el="50" ec="10" bec="0" bev="0" fileid="1" />
            </Method>
            <Method visited="true" cyclomaticComplexity="1" nPathComplexity="0" sequenceCoverage="0" branchCoverage="0" isConstructor="true" isStatic="false" isGetter="false" isSetter="false">
              <Summary numSequencePoints="0" visitedSequencePoints="0" numBranchPoints="0" visitedBranchPoints="0" sequenceCoverage="0" branchCoverage="0" maxCyclomaticComplexity="1" minCyclomaticComplexity="1" visitedClasses="0" numClasses="0" visitedMethods="0" numMethods="0" />
              <MetadataToken>100663305</MetadataToken>
              <Name>System.Void _393_Food_Machine.Editable::.ctor()</Name>
              <SequencePoints />
              <BranchPoints />
              <MethodPoint vc="106" uspid="30" ordinal="0" offset="0" />
            </Method>
          </Methods>
        </Class>
        <Class>
          <Summary numSequencePoints="380" visitedSequencePoints="313" numBranchPoints="66" visitedBranchPoints="47" sequenceCoverage="82.37" branchCoverage="71.21" maxCyclomaticComplexity="7" minCyclomaticComplexity="1" visitedClasses="1" numClasses="1" visitedMethods="13" numMethods="18" />
          <FullName>_393_Food_Machine.EditRecipe</FullName>
          <Methods>
            <Method visited="false" cyclomaticComplexity="2" nPathComplexity="2" sequenceCoverage="0" branchCoverage="0" isConstructor="true" isStatic="false" isGetter="false" isSetter="false">
              <Summary numSequencePoints="14" visitedSequencePoints="0" numBranchPoints="3" visitedBranchPoints="0" sequenceCoverage="0" branchCoverage="0" maxCyclomaticComplexity="2" minCyclomaticComplexity="2" visitedClasses="0" numClasses="0" visitedMethods="0" numMethods="1" />
              <MetadataToken>100663306</MetadataToken>
              <Name>System.Void _393_Food_Machine.EditRecipe::.ctor(System.Int32)</Name>
              <FileRef uid="2" />
              <SequencePoints>
                <SequencePoint vc="0" uspid="31" ordinal="0" offset="0" sl="8" sc="9" el="8" ec="68" bec="0" bev="0" fileid="2" />
                <SequencePoint vc="0" uspid="32" ordinal="1" offset="7" sl="17" sc="9" el="17" ec="34" bec="0" bev="0" fileid="3" />
                <SequencePoint vc="0" uspid="33" ordinal="2" offset="14" sl="18" sc="9" el="18" ec="10" bec="0" bev="0" fileid="3" />
                <SequencePoint vc="0" uspid="34" ordinal="3" offset="15" sl="19" sc="13" el="19" ec="35" bec="0" bev="0" fileid="3" />
                <SequencePoint vc="0" uspid="35" ordinal="4" offset="22" sl="20" sc="13" el="20" ec="33" bec="0" bev="0" fileid="3" />
                <SequencePoint vc="0" uspid="36" ordinal="5" offset="29" sl="22" sc="13" el="22" ec="54" bec="0" bev="0" fileid="3" />
                <SequencePoint vc="0" uspid="37" ordinal="6" offset="37" sl="23" sc="13" el="23" ec="33" bec="2" bev="0" fileid="3" />
                <SequencePoint vc="0" uspid="38" ordinal="7" offset="45" sl="24" sc="13" el="24" ec="14" bec="0" bev="0" fileid="3" />
                <SequencePoint vc="0" uspid="39" ordinal="8" offset="46" sl="25" sc="17" el="25" ec="105" bec="0" bev="0" fileid="3" />
                <SequencePoint vc="0" uspid="40" ordinal="9" offset="73" sl="26" sc="17" el="26" ec="30" bec="0" bev="0" fileid="3" />
                <SequencePoint vc="0" uspid="41" ordinal="10" offset="80" sl="27" sc="13" el="27" ec="14" bec="0" bev="0" fileid="3" />
                <SequencePoint vc="0" uspid="42" ordinal="11" offset="81" sl="28" sc="13" el="28" ec="34" bec="0" bev="0" fileid="3" />
                <SequencePoint vc="0" uspid="43" ordinal="12" offset="88" sl="29" sc="13" el="29" ec="32" bec="0" bev="0" fileid="3" />
                <SequencePoint vc="0" uspid="44" ordinal="13" offset="95" sl="30" sc="9" el="30" ec="10" bec="0" bev="0" fileid="3" />
              </SequencePoints>
              <BranchPoints>
                <BranchPoint vc="0" uspid="45" ordinal="0" offset="43" sl="23" path="0" offsetend="45" fileid="3" />
                <BranchPoint vc="0" uspid="46" ordinal="1" offset="43" sl="23" path="1" offsetend="81" fileid="3" />
              </BranchPoints>
              <MethodPoint xsi:type="SequencePoint" vc="0" uspid="31" ordinal="0" offset="0" sl="8" sc="9" el="8" ec="68" bec="0" bev="0" fileid="2" />
            </Method>
            <Method visited="true" cyclomaticComplexity="1" nPathComplexity="0" sequenceCoverage="100" branchCoverage="100" isConstructor="true" isStatic="false" isGetter="false" isSetter="false">
              <Summary numSequencePoints="9" visitedSequencePoints="9" numBranchPoints="1" visitedBranchPoints="1" sequenceCoverage="100" branchCoverage="100" maxCyclomaticComplexity="1" minCyclomaticComplexity="1" visitedClasses="0" numClasses="0" visitedMethods="1" numMethods="1" />
              <MetadataToken>100663307</MetadataToken>
              <Name>System.Void _393_Food_Machine.EditRecipe::.ctor(System.String)</Name>
              <FileRef uid="2" />
              <SequencePoints>
                <SequencePoint vc="1" uspid="47" ordinal="0" offset="0" sl="8" sc="9" el="8" ec="68" bec="0" bev="0" fileid="2" />
                <SequencePoint vc="1" uspid="48" ordinal="1" offset="7" sl="32" sc="9" el="32" ec="39" bec="0" bev="0" fileid="3" />
                <SequencePoint vc="1" uspid="49" ordinal="2" offset="14" sl="33" sc="9" el="33" ec="10" bec="0" bev="0" fileid="3" />
                <SequencePoint vc="1" uspid="50" ordinal="3" offset="15" sl="34" sc="13" el="34" ec="35" bec="0" bev="0" fileid="3" />
                <SequencePoint vc="1" uspid="51" ordinal="4" offset="22" sl="35" sc="13" el="35" ec="33" bec="0" bev="0" fileid="3" />
                <SequencePoint vc="1" uspid="52" ordinal="5" offset="29" sl="36" sc="13" el="36" ec="62" bec="0" bev="0" fileid="3" />
                <SequencePoint vc="1" uspid="53" ordinal="6" offset="41" sl="37" sc="13" el="37" ec="34" bec="0" bev="0" fileid="3" />
                <SequencePoint vc="1" uspid="54" ordinal="7" offset="48" sl="38" sc="13" el="38" ec="32" bec="0" bev="0" fileid="3" />
                <SequencePoint vc="1" uspid="55" ordinal="8" offset="55" sl="39" sc="9" el="39" ec="10" bec="0" bev="0" fileid="3" />
              </SequencePoints>
              <BranchPoints />
              <MethodPoint xsi:type="SequencePoint" vc="1" uspid="47" ordinal="0" offset="0" sl="8" sc="9" el="8" ec="68" bec="0" bev="0" fileid="2" />
            </Method>
            <Method visited="false" cyclomaticComplexity="1" nPathComplexity="0" sequenceCoverage="0" branchCoverage="0" isConstructor="true" isStatic="false" isGetter="false" isSetter="false">
              <Summary numSequencePoints="10" visitedSequencePoints="0" numBranchPoints="1" visitedBranchPoints="0" sequenceCoverage="0" branchCoverage="0" maxCyclomaticComplexity="1" minCyclomaticComplexity="1" visitedClasses="0" numClasses="0" visitedMethods="0" numMethods="1" />
              <MetadataToken>100663308</MetadataToken>
              <Name>System.Void _393_Food_Machine.EditRecipe::.ctor()</Name>
              <FileRef uid="2" />
              <SequencePoints>
                <SequencePoint vc="0" uspid="56" ordinal="0" offset="0" sl="8" sc="9" el="8" ec="68" bec="0" bev="0" fileid="2" />
                <SequencePoint vc="0" uspid="57" ordinal="1" offset="7" sl="42" sc="9" el="42" ec="28" bec="0" bev="0" fileid="3" />
                <SequencePoint vc="0" uspid="58" ordinal="2" offset="14" sl="43" sc="9" el="43" ec="10" bec="0" bev="0" fileid="3" />
                <SequencePoint vc="0" uspid="59" ordinal="3" offset="15" sl="44" sc="13" el="44" ec="35" bec="0" bev="0" fileid="3" />
                <SequencePoint vc="0" uspid="60" ordinal="4" offset="22" sl="45" sc="13" el="45" ec="32" bec="0" bev="0" fileid="3" />
                <SequencePoint vc="0" uspid="61" ordinal="5" offset="29" sl="46" sc="13" el="46" ec="40" bec="0" bev="0" fileid="3" />
                <SequencePoint vc="0" uspid="62" ordinal="6" offset="41" sl="47" sc="13" el="47" ec="58" bec="0" bev="0" fileid="3" />
                <SequencePoint vc="0" uspid="63" ordinal="7" offset="58" sl="48" sc="13" el="48" ec="42" bec="0" bev="0" fileid="3" />
                <SequencePoint vc="0" uspid="64" ordinal="8" offset="71" sl="49" sc="13" el="49" ec="34" bec="0" bev="0" fileid="3" />
                <SequencePoint vc="0" uspid="65" ordinal="9" offset="78" sl="50" sc="9" el="50" ec="10" bec="0" bev="0" fileid="3" />
              </SequencePoints>
              <BranchPoints />
              <MethodPoint xsi:type="SequencePoint" vc="0" uspid="56" ordinal="0" offset="0" sl="8" sc="9" el="8" ec="68" bec="0" bev="0" fileid="2" />
            </Method>
            <Method visited="true" cyclomaticComplexity="1" nPathComplexity="0" sequenceCoverage="100" branchCoverage="100" isConstructor="false" isStatic="false" isGetter="false" isSetter="false">
              <Summary numSequencePoints="9" visitedSequencePoints="9" numBranchPoints="1" visitedBranchPoints="1" sequenceCoverage="100" branchCoverage="100" maxCyclomaticComplexity="1" minCyclomaticComplexity="1" visitedClasses="0" numClasses="0" visitedMethods="1" numMethods="1" />
              <MetadataToken>100663309</MetadataToken>
              <Name>System.Void _393_Food_Machine.EditRecipe::InitializeFields()</Name>
              <FileRef uid="3" />
              <SequencePoints>
                <SequencePoint vc="1" uspid="66" ordinal="0" offset="0" sl="53" sc="9" el="53" ec="10" bec="0" bev="0" fileid="3" />
                <SequencePoint vc="1" uspid="67" ordinal="1" offset="1" sl="55" sc="13" el="55" ec="43" bec="0" bev="0" fileid="3" />
                <SequencePoint vc="1" uspid="68" ordinal="2" offset="24" sl="58" sc="13" el="58" ec="38" bec="0" bev="0" fileid="3" />
                <SequencePoint vc="1" uspid="69" ordinal="3" offset="31" sl="61" sc="13" el="61" ec="77" bec="0" bev="0" fileid="3" />
                <SequencePoint vc="1" uspid="70" ordinal="4" offset="69" sl="62" sc="13" el="62" ec="80" bec="0" bev="0" fileid="3" />
                <SequencePoint vc="1" uspid="71" ordinal="5" offset="107" sl="63" sc="13" el="63" ec="63" bec="0" bev="0" fileid="3" />
                <SequencePoint vc="1" uspid="72" ordinal="6" offset="130" sl="65" sc="13" el="65" ec="104" bec="0" bev="0" fileid="3" />
                <SequencePoint vc="1" uspid="73" ordinal="7" offset="173" sl="66" sc="13" el="66" ec="48" bec="0" bev="0" fileid="3" />
                <SequencePoint vc="1" uspid="74" ordinal="8" offset="186" sl="67" sc="9" el="67" ec="10" bec="0" bev="0" fileid="3" />
              </SequencePoints>
              <BranchPoints />
              <MethodPoint xsi:type="SequencePoint" vc="1" uspid="66" ordinal="0" offset="0" sl="53" sc="9" el="53" ec="10" bec="0" bev="0" fileid="3" />
            </Method>
            <Method visited="true" cyclomaticComplexity="1" nPathComplexity="0" sequenceCoverage="100" branchCoverage="100" isConstructor="false" isStatic="false" isGetter="false" isSetter="false">
              <Summary numSequencePoints="5" visitedSequencePoints="5" numBranchPoints="1" visitedBranchPoints="1" sequenceCoverage="100" branchCoverage="100" maxCyclomaticComplexity="1" minCyclomaticComplexity="1" visitedClasses="0" numClasses="0" visitedMethods="1" numMethods="1" />
              <MetadataToken>100663310</MetadataToken>
              <Name>System.Void _393_Food_Machine.EditRecipe::populateComboBoxes()</Name>
              <FileRef uid="3" />
              <SequencePoints>
                <SequencePoint vc="1" uspid="75" ordinal="0" offset="0" sl="71" sc="9" el="71" ec="10" bec="0" bev="0" fileid="3" />
                <SequencePoint vc="1" uspid="76" ordinal="1" offset="1" sl="72" sc="13" el="72" ec="92" bec="0" bev="0" fileid="3" />
                <SequencePoint vc="1" uspid="77" ordinal="2" offset="33" sl="73" sc="13" el="73" ec="99" bec="0" bev="0" fileid="3" />
                <SequencePoint vc="1" uspid="78" ordinal="3" offset="65" sl="74" sc="13" el="74" ec="98" bec="0" bev="0" fileid="3" />
                <SequencePoint vc="1" uspid="79" ordinal="4" offset="97" sl="75" sc="9" el="75" ec="10" bec="0" bev="0" fileid="3" />
              </SequencePoints>
              <BranchPoints />
              <MethodPoint xsi:type="SequencePoint" vc="1" uspid="75" ordinal="0" offset="0" sl="71" sc="9" el="71" ec="10" bec="0" bev="0" fileid="3" />
            </Method>
            <Method visited="true" cyclomaticComplexity="2" nPathComplexity="0" sequenceCoverage="100" branchCoverage="100" isConstructor="false" isStatic="false" isGetter="false" isSetter="false">
              <Summary numSequencePoints="11" visitedSequencePoints="11" numBranchPoints="1" visitedBranchPoints="1" sequenceCoverage="100" branchCoverage="100" maxCyclomaticComplexity="2" minCyclomaticComplexity="2" visitedClasses="0" numClasses="0" visitedMethods="1" numMethods="1" />
              <MetadataToken>100663311</MetadataToken>
              <Name>System.Void _393_Food_Machine.EditRecipe::populateIngredientsBox()</Name>
              <FileRef uid="3" />
              <SequencePoints>
                <SequencePoint vc="2" uspid="80" ordinal="0" offset="0" sl="78" sc="9" el="78" ec="10" bec="0" bev="0" fileid="3" />
                <SequencePoint vc="2" uspid="81" ordinal="1" offset="1" sl="79" sc="13" el="79" ec="45" bec="0" bev="0" fileid="3" />
                <SequencePoint vc="2" uspid="82" ordinal="2" offset="18" sl="80" sc="13" el="80" ec="20" bec="0" bev="0" fileid="3" />
                <SequencePoint vc="2" uspid="83" ordinal="3" offset="19" sl="80" sc="91" el="80" ec="117" bec="0" bev="0" fileid="3" />
                <SequencePoint vc="8" uspid="84" ordinal="4" offset="38" sl="80" sc="22" el="80" ec="87" bec="0" bev="0" fileid="3" />
                <SequencePoint vc="8" uspid="85" ordinal="5" offset="46" sl="81" sc="13" el="81" ec="14" bec="0" bev="0" fileid="3" />
                <SequencePoint vc="8" uspid="86" ordinal="6" offset="47" sl="82" sc="17" el="82" ec="125" bec="0" bev="0" fileid="3" />
                <SequencePoint vc="8" uspid="87" ordinal="7" offset="74" sl="83" sc="17" el="86" ec="32" bec="0" bev="0" fileid="3" />
                <SequencePoint vc="8" uspid="88" ordinal="8" offset="124" sl="87" sc="13" el="87" ec="14" bec="0" bev="0" fileid="3" />
                <SequencePoint vc="10" uspid="89" ordinal="9" offset="125" sl="80" sc="88" el="80" ec="90" bec="0" bev="0" fileid="3" />
                <SequencePoint vc="2" uspid="90" ordinal="10" offset="151" sl="88" sc="9" el="88" ec="10" bec="0" bev="0" fileid="3" />
              </SequencePoints>
              <BranchPoints />
              <MethodPoint xsi:type="SequencePoint" vc="2" uspid="80" ordinal="0" offset="0" sl="78" sc="9" el="78" ec="10" bec="0" bev="0" fileid="3" />
            </Method>
            <Method visited="false" cyclomaticComplexity="2" nPathComplexity="2" sequenceCoverage="0" branchCoverage="0" isConstructor="false" isStatic="false" isGetter="false" isSetter="false">
              <Summary numSequencePoints="8" visitedSequencePoints="0" numBranchPoints="3" visitedBranchPoints="0" sequenceCoverage="0" branchCoverage="0" maxCyclomaticComplexity="2" minCyclomaticComplexity="2" visitedClasses="0" numClasses="0" visitedMethods="0" numMethods="1" />
              <MetadataToken>100663312</MetadataToken>
              <Name>System.Boolean _393_Food_Machine.EditRecipe::PullRecipeByID(System.Int32)</Name>
              <FileRef uid="3" />
              <SequencePoints>
                <SequencePoint vc="0" uspid="93" ordinal="0" offset="0" sl="92" sc="9" el="92" ec="10" bec="0" bev="0" fileid="3" />
                <SequencePoint vc="0" uspid="94" ordinal="1" offset="1" sl="94" sc="13" el="94" ec="80" bec="0" bev="0" fileid="3" />
                <SequencePoint vc="0" uspid="95" ordinal="2" offset="28" sl="95" sc="13" el="95" ec="37" bec="2" bev="0" fileid="3" />
                <SequencePoint vc="0" uspid="96" ordinal="3" offset="41" sl="96" sc="13" el="96" ec="14" bec="0" bev="0" fileid="3" />
                <SequencePoint vc="0" uspid="97" ordinal="4" offset="42" sl="97" sc="17" el="97" ec="29" bec="0" bev="0" fileid="3" />
                <SequencePoint vc="0" uspid="98" ordinal="5" offset="46" sl="100" sc="13" el="100" ec="14" bec="0" bev="0" fileid="3" />
                <SequencePoint vc="0" uspid="99" ordinal="6" offset="47" sl="101" sc="17" el="101" ec="30" bec="0" bev="0" fileid="3" />
                <SequencePoint vc="0" uspid="100" ordinal="7" offset="51" sl="103" sc="9" el="103" ec="10" bec="0" bev="0" fileid="3" />
              </SequencePoints>
              <BranchPoints>
                <BranchPoint vc="0" uspid="101" ordinal="0" offset="39" sl="95" path="0" offsetend="41" fileid="3" />
                <BranchPoint vc="0" uspid="102" ordinal="1" offset="39" sl="95" path="1" offsetend="46" fileid="3" />
              </BranchPoints>
              <MethodPoint xsi:type="SequencePoint" vc="0" uspid="93" ordinal="0" offset="0" sl="92" sc="9" el="92" ec="10" bec="0" bev="0" fileid="3" />
            </Method>
            <Method visited="false" cyclomaticComplexity="2" nPathComplexity="2" sequenceCoverage="0" branchCoverage="0" isConstructor="false" isStatic="false" isGetter="false" isSetter="false">
              <Summary numSequencePoints="10" visitedSequencePoints="0" numBranchPoints="3" visitedBranchPoints="0" sequenceCoverage="0" branchCoverage="0" maxCyclomaticComplexity="2" minCyclomaticComplexity="2" visitedClasses="0" numClasses="0" visitedMethods="0" numMethods="1" />
              <MetadataToken>100663313</MetadataToken>
              <Name>System.Void _393_Food_Machine.EditRecipe::cancelButton_Click(System.Object,System.EventArgs)</Name>
              <FileRef uid="3" />
              <SequencePoints>
                <SequencePoint vc="0" uspid="103" ordinal="0" offset="0" sl="106" sc="9" el="106" ec="10" bec="0" bev="0" fileid="3" />
                <SequencePoint vc="0" uspid="104" ordinal="1" offset="1" sl="107" sc="13" el="107" ec="26" bec="0" bev="0" fileid="3" />
                <SequencePoint vc="0" uspid="105" ordinal="2" offset="8" sl="108" sc="13" el="108" ec="29" bec="2" bev="0" fileid="3" />
                <SequencePoint vc="0" uspid="106" ordinal="3" offset="21" sl="109" sc="13" el="109" ec="14" bec="0" bev="0" fileid="3" />
                <SequencePoint vc="0" uspid="107" ordinal="4" offset="22" sl="110" sc="17" el="110" ec="68" bec="0" bev="0" fileid="3" />
                <SequencePoint vc="0" uspid="108" ordinal="5" offset="44" sl="111" sc="13" el="111" ec="14" bec="0" bev="0" fileid="3" />
                <SequencePoint vc="0" uspid="109" ordinal="6" offset="47" sl="113" sc="13" el="113" ec="14" bec="0" bev="0" fileid="3" />
                <SequencePoint vc="0" uspid="110" ordinal="7" offset="48" sl="114" sc="17" el="114" ec="43" bec="0" bev="0" fileid="3" />
                <SequencePoint vc="0" uspid="111" ordinal="8" offset="59" sl="115" sc="13" el="115" ec="14" bec="0" bev="0" fileid="3" />
                <SequencePoint vc="0" uspid="112" ordinal="9" offset="60" sl="116" sc="9" el="116" ec="10" bec="0" bev="0" fileid="3" />
              </SequencePoints>
              <BranchPoints>
                <BranchPoint vc="0" uspid="113" ordinal="0" offset="19" sl="108" path="0" offsetend="21" fileid="3" />
                <BranchPoint vc="0" uspid="114" ordinal="1" offset="19" sl="108" path="1" offsetend="47" fileid="3" />
              </BranchPoints>
              <MethodPoint xsi:type="SequencePoint" vc="0" uspid="103" ordinal="0" offset="0" sl="106" sc="9" el="106" ec="10" bec="0" bev="0" fileid="3" />
            </Method>
            <Method visited="true" cyclomaticComplexity="4" nPathComplexity="8" sequenceCoverage="73.08" branchCoverage="71.43" isConstructor="false" isStatic="false" isGetter="false" isSetter="false">
              <Summary numSequencePoints="26" visitedSequencePoints="19" numBranchPoints="7" visitedBranchPoints="5" sequenceCoverage="73.08" branchCoverage="71.43" maxCyclomaticComplexity="4" minCyclomaticComplexity="4" visitedClasses="0" numClasses="0" visitedMethods="1" numMethods="1" />
              <MetadataToken>100663314</MetadataToken>
              <Name>System.Void _393_Food_Machine.EditRecipe::confirmButton_Click(System.Object,System.EventArgs)</Name>
              <FileRef uid="3" />
              <SequencePoints>
                <SequencePoint vc="6" uspid="115" ordinal="0" offset="0" sl="119" sc="9" el="119" ec="10" bec="0" bev="0" fileid="3" />
                <SequencePoint vc="6" uspid="116" ordinal="1" offset="1" sl="120" sc="13" el="120" ec="38" bec="0" bev="0" fileid="3" />
                <SequencePoint vc="6" uspid="117" ordinal="2" offset="3" sl="122" sc="13" el="122" ec="37" bec="2" bev="1" fileid="3" />
                <SequencePoint vc="0" uspid="118" ordinal="3" offset="16" sl="123" sc="13" el="123" ec="14" bec="0" bev="0" fileid="3" />
                <SequencePoint vc="0" uspid="119" ordinal="4" offset="17" sl="125" sc="17" el="125" ec="36" bec="0" bev="0" fileid="3" />
                <SequencePoint vc="0" uspid="120" ordinal="5" offset="19" sl="126" sc="17" el="126" ec="196" bec="0" bev="0" fileid="3" />
                <SequencePoint vc="0" uspid="121" ordinal="6" offset="53" sl="127" sc="13" el="127" ec="14" bec="0" bev="0" fileid="3" />
                <SequencePoint vc="6" uspid="122" ordinal="7" offset="54" sl="131" sc="13" el="131" ec="61" bec="0" bev="0" fileid="3" />
                <SequencePoint vc="6" uspid="123" ordinal="8" offset="61" sl="133" sc="13" el="133" ec="34" bec="2" bev="2" fileid="3" />
                <SequencePoint vc="1" uspid="124" ordinal="9" offset="69" sl="134" sc="13" el="134" ec="14" bec="0" bev="0" fileid="3" />
                <SequencePoint vc="1" uspid="125" ordinal="10" offset="70" sl="135" sc="17" el="135" ec="47" bec="0" bev="0" fileid="3" />
                <SequencePoint vc="1" uspid="126" ordinal="11" offset="93" sl="136" sc="17" el="136" ec="73" bec="0" bev="0" fileid="3" />
                <SequencePoint vc="1" uspid="127" ordinal="12" offset="121" sl="137" sc="17" el="137" ec="70" bec="0" bev="0" fileid="3" />
                <SequencePoint vc="1" uspid="128" ordinal="13" offset="149" sl="138" sc="17" el="138" ec="67" bec="0" bev="0" fileid="3" />
                <SequencePoint vc="1" uspid="129" ordinal="14" offset="172" sl="139" sc="17" el="139" ec="95" bec="0" bev="0" fileid="3" />
                <SequencePoint vc="1" uspid="130" ordinal="15" offset="195" sl="141" sc="17" el="141" ec="30" bec="0" bev="0" fileid="3" />
                <SequencePoint vc="1" uspid="131" ordinal="16" offset="202" sl="142" sc="17" el="142" ec="33" bec="2" bev="1" fileid="3" />
                <SequencePoint vc="0" uspid="132" ordinal="17" offset="209" sl="143" sc="17" el="143" ec="18" bec="0" bev="0" fileid="3" />
                <SequencePoint vc="0" uspid="133" ordinal="18" offset="210" sl="144" sc="21" el="144" ec="47" bec="0" bev="0" fileid="3" />
                <SequencePoint vc="0" uspid="134" ordinal="19" offset="222" sl="145" sc="17" el="145" ec="18" bec="0" bev="0" fileid="3" />
                <SequencePoint vc="1" uspid="135" ordinal="20" offset="225" sl="147" sc="17" el="147" ec="18" bec="0" bev="0" fileid="3" />
                <SequencePoint vc="1" uspid="136" ordinal="21" offset="226" sl="148" sc="21" el="148" ec="52" bec="0" bev="0" fileid="3" />
                <SequencePoint vc="1" uspid="137" ordinal="22" offset="238" sl="149" sc="17" el="149" ec="18" bec="0" bev="0" fileid="3" />
                <SequencePoint vc="1" uspid="138" ordinal="23" offset="239" sl="151" sc="17" el="151" ec="68" bec="0" bev="0" fileid="3" />
                <SequencePoint vc="1" uspid="139" ordinal="24" offset="261" sl="152" sc="13" el="152" ec="14" bec="0" bev="0" fileid="3" />
                <SequencePoint vc="6" uspid="140" ordinal="25" offset="262" sl="153" sc="9" el="153" ec="10" bec="0" bev="0" fileid="3" />
              </SequencePoints>
              <BranchPoints>
                <BranchPoint vc="0" uspid="141" ordinal="0" offset="14" sl="122" path="0" offsetend="16" fileid="3" />
                <BranchPoint vc="6" uspid="142" ordinal="1" offset="14" sl="122" path="1" offsetend="54" fileid="3" />
                <BranchPoint vc="1" uspid="143" ordinal="2" offset="64" sl="133" path="0" offsetend="69" fileid="3" />
                <BranchPoint vc="5" uspid="144" ordinal="3" offset="64" sl="133" path="1" offsetend="262" fileid="3" />
                <BranchPoint vc="0" uspid="145" ordinal="4" offset="207" sl="142" path="0" offsetend="209" fileid="3" />
                <BranchPoint vc="1" uspid="146" ordinal="5" offset="207" sl="142" path="1" offsetend="225" fileid="3" />
              </BranchPoints>
              <MethodPoint xsi:type="SequencePoint" vc="6" uspid="115" ordinal="0" offset="0" sl="119" sc="9" el="119" ec="10" bec="0" bev="0" fileid="3" />
            </Method>
            <Method visited="true" cyclomaticComplexity="7" nPathComplexity="64" sequenceCoverage="90.48" branchCoverage="92.31" isConstructor="false" isStatic="false" isGetter="false" isSetter="false">
              <Summary numSequencePoints="21" visitedSequencePoints="19" numBranchPoints="13" visitedBranchPoints="12" sequenceCoverage="90.48" branchCoverage="92.31" maxCyclomaticComplexity="7" minCyclomaticComplexity="7" visitedClasses="0" numClasses="0" visitedMethods="1" numMethods="1" />
              <MetadataToken>100663315</MetadataToken>
              <Name>System.Boolean _393_Food_Machine.EditRecipe::validateRecipeFields()</Name>
              <FileRef uid="3" />
              <SequencePoints>
                <SequencePoint vc="6" uspid="147" ordinal="0" offset="0" sl="156" sc="9" el="156" ec="10" bec="0" bev="0" fileid="3" />
                <SequencePoint vc="6" uspid="148" ordinal="1" offset="1" sl="161" sc="13" el="161" ec="103" bec="2" bev="2" fileid="3" />
                <SequencePoint vc="1" uspid="149" ordinal="2" offset="38" sl="162" sc="13" el="162" ec="14" bec="0" bev="0" fileid="3" />
                <SequencePoint vc="1" uspid="150" ordinal="3" offset="39" sl="163" sc="17" el="163" ec="30" bec="0" bev="0" fileid="3" />
                <SequencePoint vc="5" uspid="151" ordinal="4" offset="46" sl="166" sc="13" el="166" ec="108" bec="2" bev="2" fileid="3" />
                <SequencePoint vc="1" uspid="152" ordinal="5" offset="75" sl="167" sc="13" el="167" ec="14" bec="0" bev="0" fileid="3" />
                <SequencePoint vc="1" uspid="153" ordinal="6" offset="76" sl="168" sc="17" el="168" ec="30" bec="0" bev="0" fileid="3" />
                <SequencePoint vc="4" uspid="154" ordinal="7" offset="83" sl="171" sc="13" el="171" ec="94" bec="2" bev="2" fileid="3" />
                <SequencePoint vc="1" uspid="155" ordinal="8" offset="106" sl="172" sc="13" el="172" ec="14" bec="0" bev="0" fileid="3" />
                <SequencePoint vc="1" uspid="156" ordinal="9" offset="107" sl="173" sc="17" el="173" ec="30" bec="0" bev="0" fileid="3" />
                <SequencePoint vc="3" uspid="157" ordinal="10" offset="111" sl="175" sc="13" el="175" ec="85" bec="2" bev="2" fileid="3" />
                <SequencePoint vc="1" uspid="158" ordinal="11" offset="136" sl="176" sc="13" el="176" ec="14" bec="0" bev="0" fileid="3" />
                <SequencePoint vc="1" uspid="159" ordinal="12" offset="137" sl="177" sc="17" el="177" ec="30" bec="0" bev="0" fileid="3" />
                <SequencePoint vc="2" uspid="160" ordinal="13" offset="141" sl="180" sc="13" el="180" ec="109" bec="2" bev="1" fileid="3" />
                <SequencePoint vc="0" uspid="161" ordinal="14" offset="171" sl="181" sc="13" el="181" ec="14" bec="0" bev="0" fileid="3" />
                <SequencePoint vc="0" uspid="162" ordinal="15" offset="172" sl="182" sc="17" el="182" ec="30" bec="0" bev="0" fileid="3" />
                <SequencePoint vc="2" uspid="163" ordinal="16" offset="176" sl="185" sc="13" el="185" ec="167" bec="2" bev="2" fileid="3" />
                <SequencePoint vc="1" uspid="164" ordinal="17" offset="227" sl="186" sc="13" el="186" ec="14" bec="0" bev="0" fileid="3" />
                <SequencePoint vc="1" uspid="165" ordinal="18" offset="228" sl="187" sc="17" el="187" ec="30" bec="0" bev="0" fileid="3" />
                <SequencePoint vc="1" uspid="166" ordinal="19" offset="232" sl="190" sc="13" el="190" ec="25" bec="0" bev="0" fileid="3" />
                <SequencePoint vc="6" uspid="167" ordinal="20" offset="236" sl="191" sc="9" el="191" ec="10" bec="0" bev="0" fileid="3" />
              </SequencePoints>
              <BranchPoints>
                <BranchPoint vc="1" uspid="168" ordinal="0" offset="36" sl="161" path="0" offsetend="38" fileid="3" />
                <BranchPoint vc="5" uspid="169" ordinal="1" offset="36" sl="161" path="1" offsetend="46" fileid="3" />
                <BranchPoint vc="1" uspid="170" ordinal="2" offset="73" sl="166" path="0" offsetend="75" fileid="3" />
                <BranchPoint vc="4" uspid="171" ordinal="3" offset="73" sl="166" path="1" offsetend="83" fileid="3" />
                <BranchPoint vc="1" uspid="172" ordinal="4" offset="104" sl="171" path="0" offsetend="106" fileid="3" />
                <BranchPoint vc="3" uspid="173" ordinal="5" offset="104" sl="171" path="1" offsetend="111" fileid="3" />
                <BranchPoint vc="1" uspid="174" ordinal="6" offset="134" sl="175" path="0" offsetend="136" fileid="3" />
                <BranchPoint vc="2" uspid="175" ordinal="7" offset="134" sl="175" path="1" offsetend="141" fileid="3" />
                <BranchPoint vc="0" uspid="176" ordinal="8" offset="169" sl="180" path="0" offsetend="171" fileid="3" />
                <BranchPoint vc="2" uspid="177" ordinal="9" offset="169" sl="180" path="1" offsetend="176" fileid="3" />
                <BranchPoint vc="1" uspid="178" ordinal="10" offset="225" sl="185" path="0" offsetend="227" fileid="3" />
                <BranchPoint vc="1" uspid="179" ordinal="11" offset="225" sl="185" path="1" offsetend="232" fileid="3" />
              </BranchPoints>
              <MethodPoint xsi:type="SequencePoint" vc="6" uspid="147" ordinal="0" offset="0" sl="156" sc="9" el="156" ec="10" bec="0" bev="0" fileid="3" />
            </Method>
            <Method visited="true" cyclomaticComplexity="2" nPathComplexity="2" sequenceCoverage="100" branchCoverage="66.67" isConstructor="false" isStatic="false" isGetter="false" isSetter="false">
              <Summary numSequencePoints="10" visitedSequencePoints="10" numBranchPoints="3" visitedBranchPoints="2" sequenceCoverage="100" branchCoverage="66.67" maxCyclomaticComplexity="2" minCyclomaticComplexity="2" visitedClasses="0" numClasses="0" visitedMethods="1" numMethods="1" />
              <MetadataToken>100663316</MetadataToken>
              <Name>System.Void _393_Food_Machine.EditRecipe::ingredientListBox_SelectedIndexChanged(System.Object,System.EventArgs)</Name>
              <FileRef uid="3" />
              <SequencePoints>
                <SequencePoint vc="1" uspid="180" ordinal="0" offset="0" sl="194" sc="9" el="194" ec="10" bec="0" bev="0" fileid="3" />
                <SequencePoint vc="1" uspid="181" ordinal="1" offset="1" sl="195" sc="13" el="195" ec="57" bec="0" bev="0" fileid="3" />
                <SequencePoint vc="1" uspid="182" ordinal="2" offset="13" sl="197" sc="13" el="197" ec="58" bec="2" bev="1" fileid="3" />
                <SequencePoint vc="1" uspid="183" ordinal="3" offset="36" sl="198" sc="13" el="198" ec="14" bec="0" bev="0" fileid="3" />
                <SequencePoint vc="1" uspid="184" ordinal="4" offset="37" sl="199" sc="17" el="199" ec="137" bec="0" bev="0" fileid="3" />
                <SequencePoint vc="1" uspid="185" ordinal="5" offset="55" sl="200" sc="17" el="200" ec="73" bec="0" bev="0" fileid="3" />
                <SequencePoint vc="1" uspid="186" ordinal="6" offset="78" sl="201" sc="17" el="201" ec="81" bec="0" bev="0" fileid="3" />
                <SequencePoint vc="1" uspid="187" ordinal="7" offset="104" sl="202" sc="17" el="202" ec="84" bec="0" bev="0" fileid="3" />
                <SequencePoint vc="1" uspid="188" ordinal="8" offset="142" sl="203" sc="13" el="203" ec="14" bec="0" bev="0" fileid="3" />
                <SequencePoint vc="1" uspid="189" ordinal="9" offset="143" sl="204" sc="9" el="204" ec="10" bec="0" bev="0" fileid="3" />
              </SequencePoints>
              <BranchPoints>
                <BranchPoint vc="1" uspid="190" ordinal="0" offset="34" sl="197" path="0" offsetend="36" fileid="3" />
                <BranchPoint vc="0" uspid="191" ordinal="1" offset="34" sl="197" path="1" offsetend="143" fileid="3" />
              </BranchPoints>
              <MethodPoint xsi:type="SequencePoint" vc="1" uspid="180" ordinal="0" offset="0" sl="194" sc="9" el="194" ec="10" bec="0" bev="0" fileid="3" />
            </Method>
            <Method visited="true" cyclomaticComplexity="3" nPathComplexity="4" sequenceCoverage="100" branchCoverage="80" isConstructor="false" isStatic="false" isGetter="false" isSetter="false">
              <Summary numSequencePoints="11" visitedSequencePoints="11" numBranchPoints="5" visitedBranchPoints="4" sequenceCoverage="100" branchCoverage="80" maxCyclomaticComplexity="3" minCyclomaticComplexity="3" visitedClasses="0" numClasses="0" visitedMethods="1" numMethods="1" />
              <MetadataToken>100663317</MetadataToken>
              <Name>System.Void _393_Food_Machine.EditRecipe::editIngredientConfirm_Click(System.Object,System.EventArgs)</Name>
              <FileRef uid="3" />
              <SequencePoints>
                <SequencePoint vc="4" uspid="192" ordinal="0" offset="0" sl="207" sc="9" el="207" ec="10" bec="0" bev="0" fileid="3" />
                <SequencePoint vc="4" uspid="193" ordinal="1" offset="1" sl="208" sc="13" el="208" ec="57" bec="0" bev="0" fileid="3" />
                <SequencePoint vc="4" uspid="194" ordinal="2" offset="8" sl="209" sc="13" el="209" ec="32" bec="2" bev="2" fileid="3" />
                <SequencePoint vc="1" uspid="195" ordinal="3" offset="16" sl="210" sc="13" el="210" ec="14" bec="0" bev="0" fileid="3" />
                <SequencePoint vc="1" uspid="196" ordinal="4" offset="17" sl="211" sc="17" el="211" ec="59" bec="2" bev="1" fileid="3" />
                <SequencePoint vc="1" uspid="197" ordinal="5" offset="38" sl="212" sc="17" el="212" ec="18" bec="0" bev="0" fileid="3" />
                <SequencePoint vc="1" uspid="198" ordinal="6" offset="39" sl="213" sc="21" el="217" ec="27" bec="0" bev="0" fileid="3" />
                <SequencePoint vc="1" uspid="199" ordinal="7" offset="146" sl="218" sc="17" el="218" ec="18" bec="0" bev="0" fileid="3" />
                <SequencePoint vc="1" uspid="200" ordinal="8" offset="147" sl="219" sc="17" el="219" ec="42" bec="0" bev="0" fileid="3" />
                <SequencePoint vc="1" uspid="201" ordinal="9" offset="154" sl="220" sc="13" el="220" ec="14" bec="0" bev="0" fileid="3" />
                <SequencePoint vc="4" uspid="202" ordinal="10" offset="155" sl="221" sc="9" el="221" ec="10" bec="0" bev="0" fileid="3" />
              </SequencePoints>
              <BranchPoints>
                <BranchPoint vc="1" uspid="203" ordinal="0" offset="11" sl="209" path="0" offsetend="16" fileid="3" />
                <BranchPoint vc="3" uspid="204" ordinal="1" offset="11" sl="209" path="1" offsetend="155" fileid="3" />
                <BranchPoint vc="1" uspid="205" ordinal="2" offset="36" sl="211" path="0" offsetend="38" fileid="3" />
                <BranchPoint vc="0" uspid="206" ordinal="3" offset="36" sl="211" path="1" offsetend="147" fileid="3" />
              </BranchPoints>
              <MethodPoint xsi:type="SequencePoint" vc="4" uspid="192" ordinal="0" offset="0" sl="207" sc="9" el="207" ec="10" bec="0" bev="0" fileid="3" />
            </Method>
            <Method visited="true" cyclomaticComplexity="4" nPathComplexity="8" sequenceCoverage="100" branchCoverage="100" isConstructor="false" isStatic="false" isGetter="false" isSetter="false">
              <Summary numSequencePoints="12" visitedSequencePoints="12" numBranchPoints="7" visitedBranchPoints="7" sequenceCoverage="100" branchCoverage="100" maxCyclomaticComplexity="4" minCyclomaticComplexity="4" visitedClasses="0" numClasses="0" visitedMethods="1" numMethods="1" />
              <MetadataToken>100663318</MetadataToken>
              <Name>System.Boolean _393_Food_Machine.EditRecipe::validateEditFields()</Name>
              <FileRef uid="3" />
              <SequencePoints>
                <SequencePoint vc="4" uspid="207" ordinal="0" offset="0" sl="224" sc="9" el="224" ec="10" bec="0" bev="0" fileid="3" />
                <SequencePoint vc="4" uspid="208" ordinal="1" offset="1" sl="226" sc="13" el="226" ec="149" bec="2" bev="2" fileid="3" />
                <SequencePoint vc="1" uspid="209" ordinal="2" offset="38" sl="227" sc="13" el="227" ec="14" bec="0" bev="0" fileid="3" />
                <SequencePoint vc="1" uspid="210" ordinal="3" offset="39" sl="229" sc="17" el="229" ec="30" bec="0" bev="0" fileid="3" />
                <SequencePoint vc="3" uspid="211" ordinal="4" offset="43" sl="232" sc="13" el="232" ec="110" bec="2" bev="2" fileid="3" />
                <SequencePoint vc="1" uspid="212" ordinal="5" offset="66" sl="233" sc="13" el="233" ec="14" bec="0" bev="0" fileid="3" />
                <SequencePoint vc="1" uspid="213" ordinal="6" offset="67" sl="234" sc="17" el="234" ec="30" bec="0" bev="0" fileid="3" />
                <SequencePoint vc="2" uspid="214" ordinal="7" offset="71" sl="237" sc="13" el="237" ec="180" bec="2" bev="2" fileid="3" />
                <SequencePoint vc="1" uspid="215" ordinal="8" offset="120" sl="238" sc="13" el="238" ec="14" bec="0" bev="0" fileid="3" />
                <SequencePoint vc="1" uspid="216" ordinal="9" offset="121" sl="239" sc="17" el="239" ec="30" bec="0" bev="0" fileid="3" />
                <SequencePoint vc="1" uspid="217" ordinal="10" offset="125" sl="242" sc="13" el="242" ec="25" bec="0" bev="0" fileid="3" />
                <SequencePoint vc="4" uspid="218" ordinal="11" offset="129" sl="243" sc="9" el="243" ec="10" bec="0" bev="0" fileid="3" />
              </SequencePoints>
              <BranchPoints>
                <BranchPoint vc="1" uspid="219" ordinal="0" offset="36" sl="226" path="0" offsetend="38" fileid="3" />
                <BranchPoint vc="3" uspid="220" ordinal="1" offset="36" sl="226" path="1" offsetend="43" fileid="3" />
                <BranchPoint vc="1" uspid="221" ordinal="2" offset="64" sl="232" path="0" offsetend="66" fileid="3" />
                <BranchPoint vc="2" uspid="222" ordinal="3" offset="64" sl="232" path="1" offsetend="71" fileid="3" />
                <BranchPoint vc="1" uspid="223" ordinal="4" offset="118" sl="237" path="0" offsetend="120" fileid="3" />
                <BranchPoint vc="1" uspid="224" ordinal="5" offset="118" sl="237" path="1" offsetend="125" fileid="3" />
              </BranchPoints>
              <MethodPoint xsi:type="SequencePoint" vc="4" uspid="207" ordinal="0" offset="0" sl="224" sc="9" el="224" ec="10" bec="0" bev="0" fileid="3" />
            </Method>
            <Method visited="true" cyclomaticComplexity="2" nPathComplexity="2" sequenceCoverage="66.67" branchCoverage="100" isConstructor="false" isStatic="false" isGetter="false" isSetter="false">
              <Summary numSequencePoints="9" visitedSequencePoints="6" numBranchPoints="3" visitedBranchPoints="3" sequenceCoverage="66.67" branchCoverage="100" maxCyclomaticComplexity="2" minCyclomaticComplexity="2" visitedClasses="0" numClasses="0" visitedMethods="1" numMethods="1" />
              <MetadataToken>100663319</MetadataToken>
              <Name>System.Void _393_Food_Machine.EditRecipe::newIngrButton_Click(System.Object,System.EventArgs)</Name>
              <FileRef uid="3" />
              <SequencePoints>
                <SequencePoint vc="4" uspid="225" ordinal="0" offset="0" sl="246" sc="9" el="246" ec="10" bec="0" bev="0" fileid="3" />
                <SequencePoint vc="4" uspid="226" ordinal="1" offset="1" sl="247" sc="13" el="247" ec="63" bec="0" bev="0" fileid="3" />
                <SequencePoint vc="4" uspid="227" ordinal="2" offset="8" sl="248" sc="13" el="248" ec="36" bec="2" bev="2" fileid="3" />
                <SequencePoint vc="1" uspid="228" ordinal="3" offset="13" sl="249" sc="13" el="249" ec="14" bec="0" bev="0" fileid="3" />
                <SequencePoint vc="1" uspid="229" ordinal="4" offset="14" sl="251" sc="17" el="251" ec="114" bec="0" bev="0" fileid="3" />
                <SequencePoint vc="0" uspid="230" ordinal="5" offset="36" sl="252" sc="17" el="257" ec="19" bec="0" bev="0" fileid="3" />
                <SequencePoint vc="0" uspid="231" ordinal="6" offset="101" sl="259" sc="17" el="259" ec="42" bec="0" bev="0" fileid="3" />
                <SequencePoint vc="0" uspid="232" ordinal="7" offset="108" sl="260" sc="13" el="260" ec="14" bec="0" bev="0" fileid="3" />
                <SequencePoint vc="3" uspid="233" ordinal="8" offset="109" sl="261" sc="9" el="261" ec="10" bec="0" bev="0" fileid="3" />
              </SequencePoints>
              <BranchPoints>
                <BranchPoint vc="1" uspid="234" ordinal="0" offset="11" sl="248" path="0" offsetend="13" fileid="3" />
                <BranchPoint vc="3" uspid="235" ordinal="1" offset="11" sl="248" path="1" offsetend="109" fileid="3" />
              </BranchPoints>
              <MethodPoint xsi:type="SequencePoint" vc="4" uspid="225" ordinal="0" offset="0" sl="246" sc="9" el="246" ec="10" bec="0" bev="0" fileid="3" />
            </Method>
            <Method visited="true" cyclomaticComplexity="4" nPathComplexity="8" sequenceCoverage="100" branchCoverage="100" isConstructor="false" isStatic="false" isGetter="false" isSetter="false">
              <Summary numSequencePoints="12" visitedSequencePoints="12" numBranchPoints="7" visitedBranchPoints="7" sequenceCoverage="100" branchCoverage="100" maxCyclomaticComplexity="4" minCyclomaticComplexity="4" visitedClasses="0" numClasses="0" visitedMethods="1" numMethods="1" />
              <MetadataToken>100663320</MetadataToken>
              <Name>System.Boolean _393_Food_Machine.EditRecipe::validateNewIngrFields()</Name>
              <FileRef uid="3" />
              <SequencePoints>
                <SequencePoint vc="4" uspid="236" ordinal="0" offset="0" sl="264" sc="9" el="264" ec="10" bec="0" bev="0" fileid="3" />
                <SequencePoint vc="4" uspid="237" ordinal="1" offset="1" sl="266" sc="13" el="266" ec="139" bec="2" bev="2" fileid="3" />
                <SequencePoint vc="1" uspid="238" ordinal="2" offset="38" sl="267" sc="13" el="267" ec="14" bec="0" bev="0" fileid="3" />
                <SequencePoint vc="1" uspid="239" ordinal="3" offset="39" sl="268" sc="17" el="268" ec="30" bec="0" bev="0" fileid="3" />
                <SequencePoint vc="3" uspid="240" ordinal="4" offset="43" sl="271" sc="13" el="271" ec="108" bec="2" bev="2" fileid="3" />
                <SequencePoint vc="1" uspid="241" ordinal="5" offset="66" sl="272" sc="13" el="272" ec="14" bec="0" bev="0" fileid="3" />
                <SequencePoint vc="1" uspid="242" ordinal="6" offset="67" sl="273" sc="17" el="273" ec="30" bec="0" bev="0" fileid="3" />
                <SequencePoint vc="2" uspid="243" ordinal="7" offset="71" sl="276" sc="13" el="276" ec="177" bec="2" bev="2" fileid="3" />
                <SequencePoint vc="1" uspid="244" ordinal="8" offset="120" sl="277" sc="13" el="277" ec="14" bec="0" bev="0" fileid="3" />
                <SequencePoint vc="1" uspid="245" ordinal="9" offset="121" sl="278" sc="17" el="278" ec="30" bec="0" bev="0" fileid="3" />
                <SequencePoint vc="1" uspid="246" ordinal="10" offset="125" sl="281" sc="13" el="281" ec="25" bec="0" bev="0" fileid="3" />
                <SequencePoint vc="4" uspid="247" ordinal="11" offset="129" sl="282" sc="9" el="282" ec="10" bec="0" bev="0" fileid="3" />
              </SequencePoints>
              <BranchPoints>
                <BranchPoint vc="1" uspid="248" ordinal="0" offset="36" sl="266" path="0" offsetend="38" fileid="3" />
                <BranchPoint vc="3" uspid="249" ordinal="1" offset="36" sl="266" path="1" offsetend="43" fileid="3" />
                <BranchPoint vc="1" uspid="250" ordinal="2" offset="64" sl="271" path="0" offsetend="66" fileid="3" />
                <BranchPoint vc="2" uspid="251" ordinal="3" offset="64" sl="271" path="1" offsetend="71" fileid="3" />
                <BranchPoint vc="1" uspid="252" ordinal="4" offset="118" sl="276" path="0" offsetend="120" fileid="3" />
                <BranchPoint vc="1" uspid="253" ordinal="5" offset="118" sl="276" path="1" offsetend="125" fileid="3" />
              </BranchPoints>
              <MethodPoint xsi:type="SequencePoint" vc="4" uspid="236" ordinal="0" offset="0" sl="264" sc="9" el="264" ec="10" bec="0" bev="0" fileid="3" />
            </Method>
            <Method visited="false" cyclomaticComplexity="3" nPathComplexity="2" sequenceCoverage="0" branchCoverage="0" isConstructor="false" isStatic="false" isGetter="false" isSetter="false">
              <Summary numSequencePoints="10" visitedSequencePoints="0" numBranchPoints="3" visitedBranchPoints="0" sequenceCoverage="0" branchCoverage="0" maxCyclomaticComplexity="3" minCyclomaticComplexity="3" visitedClasses="0" numClasses="0" visitedMethods="0" numMethods="1" />
              <MetadataToken>100663321</MetadataToken>
              <Name>System.Void _393_Food_Machine.EditRecipe::editIngredientRemove_Click(System.Object,System.EventArgs)</Name>
              <FileRef uid="3" />
              <SequencePoints>
                <SequencePoint vc="0" uspid="254" ordinal="0" offset="0" sl="285" sc="9" el="285" ec="10" bec="0" bev="0" fileid="3" />
                <SequencePoint vc="0" uspid="255" ordinal="1" offset="1" sl="286" sc="13" el="286" ec="124" bec="2" bev="0" fileid="3" />
                <SequencePoint vc="0" uspid="256" ordinal="2" offset="51" sl="287" sc="13" el="287" ec="14" bec="0" bev="0" fileid="3" />
                <SequencePoint vc="0" uspid="257" ordinal="3" offset="52" sl="288" sc="17" el="288" ec="86" bec="0" bev="0" fileid="3" />
                <SequencePoint vc="0" uspid="258" ordinal="4" offset="80" sl="289" sc="17" el="289" ec="46" bec="0" bev="0" fileid="3" />
                <SequencePoint vc="0" uspid="259" ordinal="5" offset="97" sl="290" sc="17" el="290" ec="48" bec="0" bev="0" fileid="3" />
                <SequencePoint vc="0" uspid="260" ordinal="6" offset="114" sl="291" sc="17" el="291" ec="46" bec="0" bev="0" fileid="3" />
                <SequencePoint vc="0" uspid="261" ordinal="7" offset="131" sl="292" sc="17" el="292" ec="42" bec="0" bev="0" fileid="3" />
                <SequencePoint vc="0" uspid="262" ordinal="8" offset="138" sl="293" sc="13" el="293" ec="14" bec="0" bev="0" fileid="3" />
                <SequencePoint vc="0" uspid="263" ordinal="9" offset="139" sl="294" sc="9" el="294" ec="10" bec="0" bev="0" fileid="3" />
              </SequencePoints>
              <BranchPoints>
                <BranchPoint vc="0" uspid="266" ordinal="2" offset="49" sl="286" path="0" offsetend="51" fileid="3" />
                <BranchPoint vc="0" uspid="267" ordinal="3" offset="49" sl="286" path="1" offsetend="139" fileid="3" />
              </BranchPoints>
              <MethodPoint xsi:type="SequencePoint" vc="0" uspid="254" ordinal="0" offset="0" sl="285" sc="9" el="285" ec="10" bec="0" bev="0" fileid="3" />
            </Method>
            <Method visited="true" cyclomaticComplexity="3" nPathComplexity="2" sequenceCoverage="57.14" branchCoverage="66.67" isConstructor="false" isStatic="false" isGetter="false" isSetter="false">
              <Summary numSequencePoints="7" visitedSequencePoints="4" numBranchPoints="3" visitedBranchPoints="2" sequenceCoverage="57.14" branchCoverage="66.67" maxCyclomaticComplexity="3" minCyclomaticComplexity="3" visitedClasses="0" numClasses="0" visitedMethods="1" numMethods="1" />
              <MetadataToken>100663322</MetadataToken>
              <Name>System.Void _393_Food_Machine.EditRecipe::Dispose(System.Boolean)</Name>
              <FileRef uid="2" />
              <SequencePoints>
                <SequencePoint vc="1" uspid="268" ordinal="0" offset="0" sl="15" sc="9" el="15" ec="10" bec="0" bev="0" fileid="2" />
                <SequencePoint vc="1" uspid="269" ordinal="1" offset="1" sl="16" sc="13" el="16" ec="51" bec="2" bev="1" fileid="2" />
                <SequencePoint vc="0" uspid="270" ordinal="2" offset="20" sl="17" sc="13" el="17" ec="14" bec="0" bev="0" fileid="2" />
                <SequencePoint vc="0" uspid="271" ordinal="3" offset="21" sl="18" sc="17" el="18" ec="38" bec="0" bev="0" fileid="2" />
                <SequencePoint vc="0" uspid="272" ordinal="4" offset="33" sl="19" sc="13" el="19" ec="14" bec="0" bev="0" fileid="2" />
                <SequencePoint vc="1" uspid="273" ordinal="5" offset="34" sl="20" sc="13" el="20" ec="37" bec="0" bev="0" fileid="2" />
                <SequencePoint vc="1" uspid="274" ordinal="6" offset="42" sl="21" sc="9" el="21" ec="10" bec="0" bev="0" fileid="2" />
              </SequencePoints>
              <BranchPoints>
                <BranchPoint vc="0" uspid="277" ordinal="2" offset="18" sl="16" path="0" offsetend="20" fileid="2" />
                <BranchPoint vc="1" uspid="278" ordinal="3" offset="18" sl="16" path="1" offsetend="34" fileid="2" />
              </BranchPoints>
              <MethodPoint xsi:type="SequencePoint" vc="1" uspid="268" ordinal="0" offset="0" sl="15" sc="9" el="15" ec="10" bec="0" bev="0" fileid="2" />
            </Method>
            <Method visited="true" cyclomaticComplexity="1" nPathComplexity="0" sequenceCoverage="100" branchCoverage="100" isConstructor="false" isStatic="false" isGetter="false" isSetter="false">
              <Summary numSequencePoints="186" visitedSequencePoints="186" numBranchPoints="1" visitedBranchPoints="1" sequenceCoverage="100" branchCoverage="100" maxCyclomaticComplexity="1" minCyclomaticComplexity="1" visitedClasses="0" numClasses="0" visitedMethods="1" numMethods="1" />
              <MetadataToken>100663323</MetadataToken>
              <Name>System.Void _393_Food_Machine.EditRecipe::InitializeComponent()</Name>
              <FileRef uid="2" />
              <SequencePoints>
                <SequencePoint vc="1" uspid="279" ordinal="0" offset="0" sl="30" sc="9" el="30" ec="10" bec="0" bev="0" fileid="2" />
                <SequencePoint vc="1" uspid="280" ordinal="1" offset="1" sl="31" sc="13" el="31" ec="67" bec="0" bev="0" fileid="2" />
                <SequencePoint vc="1" uspid="281" ordinal="2" offset="12" sl="32" sc="13" el="32" ec="67" bec="0" bev="0" fileid="2" />
                <SequencePoint vc="1" uspid="282" ordinal="3" offset="23" sl="33" sc="13" el="33" ec="68" bec="0" bev="0" fileid="2" />
                <SequencePoint vc="1" uspid="283" ordinal="4" offset="34" sl="34" sc="13" el="34" ec="61" bec="0" bev="0" fileid="2" />
                <SequencePoint vc="1" uspid="284" ordinal="5" offset="45" sl="35" sc="13" el="35" ec="70" bec="0" bev="0" fileid="2" />
                <SequencePoint vc="1" uspid="285" ordinal="6" offset="56" sl="36" sc="13" el="36" ec="70" bec="0" bev="0" fileid="2" />
                <SequencePoint vc="1" uspid="286" ordinal="7" offset="67" sl="37" sc="13" el="37" ec="73" bec="0" bev="0" fileid="2" />
                <SequencePoint vc="1" uspid="287" ordinal="8" offset="78" sl="38" sc="13" el="38" ec="67" bec="0" bev="0" fileid="2" />
                <SequencePoint vc="1" uspid="288" ordinal="9" offset="89" sl="39" sc="13" el="39" ec="67" bec="0" bev="0" fileid="2" />
                <SequencePoint vc="1" uspid="289" ordinal="10" offset="100" sl="40" sc="13" el="40" ec="67" bec="0" bev="0" fileid="2" />
                <SequencePoint vc="1" uspid="290" ordinal="11" offset="111" sl="41" sc="13" el="41" ec="67" bec="0" bev="0" fileid="2" />
                <SequencePoint vc="1" uspid="291" ordinal="12" offset="122" sl="42" sc="13" el="42" ec="78" bec="0" bev="0" fileid="2" />
                <SequencePoint vc="1" uspid="292" ordinal="13" offset="133" sl="43" sc="13" el="43" ec="74" bec="0" bev="0" fileid="2" />
                <SequencePoint vc="1" uspid="293" ordinal="14" offset="144" sl="44" sc="13" el="44" ec="76" bec="0" bev="0" fileid="2" />
                <SequencePoint vc="1" uspid="294" ordinal="15" offset="155" sl="45" sc="13" el="45" ec="75" bec="0" bev="0" fileid="2" />
                <SequencePoint vc="1" uspid="295" ordinal="16" offset="166" sl="46" sc="13" el="46" ec="76" bec="0" bev="0" fileid="2" />
                <SequencePoint vc="1" uspid="296" ordinal="17" offset="177" sl="47" sc="13" el="47" ec="75" bec="0" bev="0" fileid="2" />
                <SequencePoint vc="1" uspid="297" ordinal="18" offset="188" sl="48" sc="13" el="48" ec="68" bec="0" bev="0" fileid="2" />
                <SequencePoint vc="1" uspid="298" ordinal="19" offset="199" sl="49" sc="13" el="49" ec="74" bec="0" bev="0" fileid="2" />
                <SequencePoint vc="1" uspid="299" ordinal="20" offset="210" sl="50" sc="13" el="50" ec="75" bec="0" bev="0" fileid="2" />
                <SequencePoint vc="1" uspid="300" ordinal="21" offset="221" sl="51" sc="13" el="51" ec="73" bec="0" bev="0" fileid="2" />
                <SequencePoint vc="1" uspid="301" ordinal="22" offset="232" sl="52" sc="13" el="52" ec="74" bec="0" bev="0" fileid="2" />
                <SequencePoint vc="1" uspid="302" ordinal="23" offset="243" sl="53" sc="13" el="53" ec="34" bec="0" bev="0" fileid="2" />
                <SequencePoint vc="1" uspid="303" ordinal="24" offset="250" sl="57" sc="13" el="57" ec="75" bec="0" bev="0" fileid="2" />
                <SequencePoint vc="1" uspid="304" ordinal="25" offset="271" sl="58" sc="13" el="58" ec="53" bec="0" bev="0" fileid="2" />
                <SequencePoint vc="1" uspid="305" ordinal="26" offset="288" sl="59" sc="13" el="59" ec="70" bec="0" bev="0" fileid="2" />
                <SequencePoint vc="1" uspid="306" ordinal="27" offset="309" sl="60" sc="13" el="60" ec="44" bec="0" bev="0" fileid="2" />
                <SequencePoint vc="1" uspid="307" ordinal="28" offset="322" sl="61" sc="13" el="61" ec="47" bec="0" bev="0" fileid="2" />
                <SequencePoint vc="1" uspid="308" ordinal="29" offset="339" sl="62" sc="13" el="62" ec="62" bec="0" bev="0" fileid="2" />
                <SequencePoint vc="1" uspid="309" ordinal="30" offset="352" sl="63" sc="13" el="63" ec="89" bec="0" bev="0" fileid="2" />
                <SequencePoint vc="1" uspid="310" ordinal="31" offset="376" sl="67" sc="13" el="67" ec="71" bec="0" bev="0" fileid="2" />
                <SequencePoint vc="1" uspid="311" ordinal="32" offset="393" sl="68" sc="13" el="68" ec="172" bec="0" bev="0" fileid="2" />
                <SequencePoint vc="1" uspid="312" ordinal="33" offset="423" sl="69" sc="13" el="69" ec="70" bec="0" bev="0" fileid="2" />
                <SequencePoint vc="1" uspid="313" ordinal="34" offset="440" sl="70" sc="13" el="70" ec="76" bec="0" bev="0" fileid="2" />
                <SequencePoint vc="1" uspid="314" ordinal="35" offset="464" sl="71" sc="13" el="71" ec="53" bec="0" bev="0" fileid="2" />
                <SequencePoint vc="1" uspid="315" ordinal="36" offset="481" sl="72" sc="13" el="72" ec="70" bec="0" bev="0" fileid="2" />
                <SequencePoint vc="1" uspid="316" ordinal="37" offset="502" sl="73" sc="13" el="73" ec="44" bec="0" bev="0" fileid="2" />
                <SequencePoint vc="1" uspid="317" ordinal="38" offset="515" sl="74" sc="13" el="74" ec="47" bec="0" bev="0" fileid="2" />
                <SequencePoint vc="1" uspid="318" ordinal="39" offset="532" sl="75" sc="13" el="75" ec="63" bec="0" bev="0" fileid="2" />
                <SequencePoint vc="1" uspid="319" ordinal="40" offset="545" sl="79" sc="13" el="79" ec="173" bec="0" bev="0" fileid="2" />
                <SequencePoint vc="1" uspid="320" ordinal="41" offset="575" sl="80" sc="13" el="80" ec="77" bec="0" bev="0" fileid="2" />
                <SequencePoint vc="1" uspid="321" ordinal="42" offset="599" sl="81" sc="13" el="81" ec="55" bec="0" bev="0" fileid="2" />
                <SequencePoint vc="1" uspid="322" ordinal="43" offset="616" sl="82" sc="13" el="82" ec="71" bec="0" bev="0" fileid="2" />
                <SequencePoint vc="1" uspid="323" ordinal="44" offset="637" sl="83" sc="13" el="83" ec="45" bec="0" bev="0" fileid="2" />
                <SequencePoint vc="1" uspid="324" ordinal="45" offset="650" sl="84" sc="13" el="84" ec="49" bec="0" bev="0" fileid="2" />
                <SequencePoint vc="1" uspid="325" ordinal="46" offset="667" sl="85" sc="13" el="85" ec="63" bec="0" bev="0" fileid="2" />
                <SequencePoint vc="1" uspid="326" ordinal="47" offset="680" sl="86" sc="13" el="86" ec="91" bec="0" bev="0" fileid="2" />
                <SequencePoint vc="1" uspid="327" ordinal="48" offset="704" sl="90" sc="13" el="90" ec="69" bec="0" bev="0" fileid="2" />
                <SequencePoint vc="1" uspid="328" ordinal="49" offset="728" sl="91" sc="13" el="91" ec="39" bec="0" bev="0" fileid="2" />
                <SequencePoint vc="1" uspid="329" ordinal="50" offset="745" sl="92" sc="13" el="92" ec="64" bec="0" bev="0" fileid="2" />
                <SequencePoint vc="1" uspid="330" ordinal="51" offset="769" sl="93" sc="13" el="93" ec="37" bec="0" bev="0" fileid="2" />
                <SequencePoint vc="1" uspid="331" ordinal="52" offset="782" sl="94" sc="13" el="94" ec="45" bec="0" bev="0" fileid="2" />
                <SequencePoint vc="1" uspid="332" ordinal="53" offset="799" sl="98" sc="13" el="98" ec="51" bec="0" bev="0" fileid="2" />
                <SequencePoint vc="1" uspid="333" ordinal="54" offset="812" sl="99" sc="13" el="99" ec="168" bec="0" bev="0" fileid="2" />
                <SequencePoint vc="1" uspid="334" ordinal="55" offset="842" sl="100" sc="13" el="100" ec="81" bec="0" bev="0" fileid="2" />
                <SequencePoint vc="1" uspid="335" ordinal="56" offset="869" sl="101" sc="13" el="101" ec="61" bec="0" bev="0" fileid="2" />
                <SequencePoint vc="1" uspid="336" ordinal="57" offset="886" sl="102" sc="13" el="102" ec="75" bec="0" bev="0" fileid="2" />
                <SequencePoint vc="1" uspid="337" ordinal="58" offset="910" sl="103" sc="13" el="103" ec="49" bec="0" bev="0" fileid="2" />
                <SequencePoint vc="1" uspid="338" ordinal="59" offset="924" sl="104" sc="13" el="104" ec="68" bec="0" bev="0" fileid="2" />
                <SequencePoint vc="1" uspid="339" ordinal="60" offset="941" sl="108" sc="13" el="108" ec="51" bec="0" bev="0" fileid="2" />
                <SequencePoint vc="1" uspid="340" ordinal="61" offset="954" sl="109" sc="13" el="109" ec="168" bec="0" bev="0" fileid="2" />
                <SequencePoint vc="1" uspid="341" ordinal="62" offset="984" sl="110" sc="13" el="110" ec="79" bec="0" bev="0" fileid="2" />
                <SequencePoint vc="1" uspid="342" ordinal="63" offset="1005" sl="111" sc="13" el="111" ec="61" bec="0" bev="0" fileid="2" />
                <SequencePoint vc="1" uspid="343" ordinal="64" offset="1022" sl="112" sc="13" el="112" ec="74" bec="0" bev="0" fileid="2" />
                <SequencePoint vc="1" uspid="344" ordinal="65" offset="1043" sl="113" sc="13" el="113" ec="49" bec="0" bev="0" fileid="2" />
                <SequencePoint vc="1" uspid="345" ordinal="66" offset="1057" sl="114" sc="13" el="114" ec="56" bec="0" bev="0" fileid="2" />
                <SequencePoint vc="1" uspid="346" ordinal="67" offset="1074" sl="118" sc="13" el="118" ec="61" bec="0" bev="0" fileid="2" />
                <SequencePoint vc="1" uspid="347" ordinal="68" offset="1087" sl="119" sc="13" el="119" ec="80" bec="0" bev="0" fileid="2" />
                <SequencePoint vc="1" uspid="348" ordinal="69" offset="1108" sl="120" sc="13" el="120" ec="63" bec="0" bev="0" fileid="2" />
                <SequencePoint vc="1" uspid="349" ordinal="70" offset="1125" sl="121" sc="13" el="121" ec="76" bec="0" bev="0" fileid="2" />
                <SequencePoint vc="1" uspid="350" ordinal="71" offset="1149" sl="122" sc="13" el="122" ec="49" bec="0" bev="0" fileid="2" />
                <SequencePoint vc="1" uspid="351" ordinal="72" offset="1162" sl="123" sc="13" el="123" ec="129" bec="0" bev="0" fileid="2" />
                <SequencePoint vc="1" uspid="352" ordinal="73" offset="1186" sl="127" sc="13" el="127" ec="75" bec="0" bev="0" fileid="2" />
                <SequencePoint vc="1" uspid="353" ordinal="74" offset="1210" sl="128" sc="13" el="128" ec="51" bec="0" bev="0" fileid="2" />
                <SequencePoint vc="1" uspid="354" ordinal="75" offset="1227" sl="129" sc="13" el="129" ec="70" bec="0" bev="0" fileid="2" />
                <SequencePoint vc="1" uspid="355" ordinal="76" offset="1248" sl="130" sc="13" el="130" ec="44" bec="0" bev="0" fileid="2" />
                <SequencePoint vc="1" uspid="356" ordinal="77" offset="1262" sl="134" sc="13" el="134" ec="75" bec="0" bev="0" fileid="2" />
                <SequencePoint vc="1" uspid="357" ordinal="78" offset="1286" sl="135" sc="13" el="135" ec="51" bec="0" bev="0" fileid="2" />
                <SequencePoint vc="1" uspid="358" ordinal="79" offset="1303" sl="136" sc="13" el="136" ec="70" bec="0" bev="0" fileid="2" />
                <SequencePoint vc="1" uspid="359" ordinal="80" offset="1324" sl="137" sc="13" el="137" ec="44" bec="0" bev="0" fileid="2" />
                <SequencePoint vc="1" uspid="360" ordinal="81" offset="1338" sl="141" sc="13" el="141" ec="48" bec="0" bev="0" fileid="2" />
                <SequencePoint vc="1" uspid="361" ordinal="82" offset="1351" sl="142" sc="13" el="142" ec="165" bec="0" bev="0" fileid="2" />
                <SequencePoint vc="1" uspid="362" ordinal="83" offset="1381" sl="143" sc="13" el="143" ec="77" bec="0" bev="0" fileid="2" />
                <SequencePoint vc="1" uspid="363" ordinal="84" offset="1405" sl="144" sc="13" el="144" ec="55" bec="0" bev="0" fileid="2" />
                <SequencePoint vc="1" uspid="364" ordinal="85" offset="1422" sl="145" sc="13" el="145" ec="71" bec="0" bev="0" fileid="2" />
                <SequencePoint vc="1" uspid="365" ordinal="86" offset="1443" sl="146" sc="13" el="146" ec="46" bec="0" bev="0" fileid="2" />
                <SequencePoint vc="1" uspid="366" ordinal="87" offset="1457" sl="147" sc="13" el="147" ec="50" bec="0" bev="0" fileid="2" />
                <SequencePoint vc="1" uspid="367" ordinal="88" offset="1474" sl="151" sc="13" el="151" ec="48" bec="0" bev="0" fileid="2" />
                <SequencePoint vc="1" uspid="368" ordinal="89" offset="1487" sl="152" sc="13" el="152" ec="165" bec="0" bev="0" fileid="2" />
[...]
                <SequencePoint vc="15" uspid="1915" ordinal="2" offset="15" sl="35" sc="13" el="35" ec="30" bec="2" bev="2" fileid="28" />
                <SequencePoint vc="4" uspid="1916" ordinal="3" offset="23" sl="36" sc="13" el="36" ec="14" bec="0" bev="0" fileid="28" />
                <SequencePoint vc="4" uspid="1917" ordinal="4" offset="24" sl="37" sc="17" el="37" ec="152" bec="0" bev="0" fileid="28" />
                <SequencePoint vc="4" uspid="1918" ordinal="5" offset="41" sl="38" sc="17" el="38" ec="30" bec="0" bev="0" fileid="28" />
                <SequencePoint vc="11" uspid="1919" ordinal="6" offset="45" sl="41" sc="13" el="41" ec="14" bec="0" bev="0" fileid="28" />
                <SequencePoint vc="11" uspid="1920" ordinal="7" offset="46" sl="42" sc="17" el="42" ec="29" bec="0" bev="0" fileid="28" />
                <SequencePoint vc="15" uspid="1921" ordinal="8" offset="50" sl="44" sc="9" el="44" ec="10" bec="0" bev="0" fileid="28" />
              </SequencePoints>
              <BranchPoints>
                <BranchPoint vc="4" uspid="1922" ordinal="0" offset="21" sl="35" path="0" offsetend="23" fileid="28" />
                <BranchPoint vc="11" uspid="1923" ordinal="1" offset="21" sl="35" path="1" offsetend="45" fileid="28" />
              </BranchPoints>
              <MethodPoint xsi:type="SequencePoint" vc="15" uspid="1913" ordinal="0" offset="0" sl="32" sc="9" el="32" ec="10" bec="0" bev="0" fileid="28" />
            </Method>
            <Method visited="true" cyclomaticComplexity="4" nPathComplexity="4" sequenceCoverage="100" branchCoverage="100" isConstructor="false" isStatic="true" isGetter="false" isSetter="false">
              <Summary numSequencePoints="17" visitedSequencePoints="17" numBranchPoints="5" visitedBranchPoints="5" sequenceCoverage="100" branchCoverage="100" maxCyclomaticComplexity="4" minCyclomaticComplexity="4" visitedClasses="0" numClasses="0" visitedMethods="1" numMethods="1" />
              <MetadataToken>100663450</MetadataToken>
              <Name>System.Boolean _393_Food_Machine.Models.FieldValidator::ValidateString(System.Windows.Forms.TextBoxBase,System.String,System.String[])</Name>
              <FileRef uid="28" />
              <SequencePoints>
                <SequencePoint vc="30" uspid="1924" ordinal="0" offset="0" sl="47" sc="9" el="47" ec="10" bec="0" bev="0" fileid="28" />
                <SequencePoint vc="30" uspid="1925" ordinal="1" offset="1" sl="48" sc="13" el="48" ec="40" bec="2" bev="2" fileid="28" />
                <SequencePoint vc="3" uspid="1926" ordinal="2" offset="21" sl="49" sc="13" el="49" ec="14" bec="0" bev="0" fileid="28" />
                <SequencePoint vc="3" uspid="1927" ordinal="3" offset="22" sl="50" sc="17" el="50" ec="109" bec="0" bev="0" fileid="28" />
                <SequencePoint vc="3" uspid="1928" ordinal="4" offset="39" sl="51" sc="17" el="51" ec="30" bec="0" bev="0" fileid="28" />
                <SequencePoint vc="27" uspid="1929" ordinal="5" offset="43" sl="53" sc="13" el="53" ec="20" bec="0" bev="0" fileid="28" />
                <SequencePoint vc="27" uspid="1930" ordinal="6" offset="44" sl="53" sc="37" el="53" ec="50" bec="0" bev="0" fileid="28" />
                <SequencePoint vc="23" uspid="1931" ordinal="7" offset="50" sl="53" sc="21" el="53" ec="33" bec="0" bev="0" fileid="28" />
                <SequencePoint vc="23" uspid="1932" ordinal="8" offset="55" sl="54" sc="13" el="54" ec="14" bec="0" bev="0" fileid="28" />
                <SequencePoint vc="23" uspid="1933" ordinal="9" offset="56" sl="55" sc="17" el="55" ec="47" bec="2" bev="2" fileid="28" />
                <SequencePoint vc="4" uspid="1934" ordinal="10" offset="75" sl="56" sc="17" el="56" ec="18" bec="0" bev="0" fileid="28" />
                <SequencePoint vc="4" uspid="1935" ordinal="11" offset="76" sl="57" sc="21" el="57" ec="128" bec="0" bev="0" fileid="28" />
                <SequencePoint vc="4" uspid="1936" ordinal="12" offset="93" sl="58" sc="21" el="58" ec="34" bec="0" bev="0" fileid="28" />
                <SequencePoint vc="19" uspid="1937" ordinal="13" offset="97" sl="60" sc="13" el="60" ec="14" bec="0" bev="0" fileid="28" />
                <SequencePoint vc="46" uspid="1938" ordinal="14" offset="102" sl="53" sc="34" el="53" ec="36" bec="0" bev="0" fileid="28" />
                <SequencePoint vc="23" uspid="1939" ordinal="15" offset="108" sl="62" sc="13" el="62" ec="25" bec="0" bev="0" fileid="28" />
                <SequencePoint vc="30" uspid="1940" ordinal="16" offset="112" sl="63" sc="9" el="63" ec="10" bec="0" bev="0" fileid="28" />
              </SequencePoints>
              <BranchPoints>
                <BranchPoint vc="3" uspid="1941" ordinal="0" offset="19" sl="48" path="0" offsetend="21" fileid="28" />
                <BranchPoint vc="27" uspid="1942" ordinal="1" offset="19" sl="48" path="1" offsetend="43" fileid="28" />
                <BranchPoint vc="4" uspid="1943" ordinal="2" offset="73" sl="55" path="0" offsetend="75" fileid="28" />
                <BranchPoint vc="19" uspid="1944" ordinal="3" offset="73" sl="55" path="1" offsetend="97" fileid="28" />
              </BranchPoints>
              <MethodPoint xsi:type="SequencePoint" vc="30" uspid="1924" ordinal="0" offset="0" sl="47" sc="9" el="47" ec="10" bec="0" bev="0" fileid="28" />
            </Method>
            <Method visited="true" cyclomaticComplexity="2" nPathComplexity="2" sequenceCoverage="62.5" branchCoverage="66.67" isConstructor="false" isStatic="true" isGetter="false" isSetter="false">
              <Summary numSequencePoints="8" visitedSequencePoints="5" numBranchPoints="3" visitedBranchPoints="2" sequenceCoverage="62.5" branchCoverage="66.67" maxCyclomaticComplexity="2" minCyclomaticComplexity="2" visitedClasses="0" numClasses="0" visitedMethods="1" numMethods="1" />
              <MetadataToken>100663451</MetadataToken>
              <Name>System.Boolean _393_Food_Machine.Models.FieldValidator::ValidateStructureNotEmpty(System.Collections.Generic.List`1&lt;T&gt;,System.String)</Name>
              <FileRef uid="28" />
              <SequencePoints>
                <SequencePoint vc="2" uspid="1947" ordinal="0" offset="0" sl="66" sc="9" el="66" ec="10" bec="0" bev="0" fileid="28" />
                <SequencePoint vc="2" uspid="1948" ordinal="1" offset="1" sl="67" sc="13" el="67" ec="31" bec="2" bev="1" fileid="28" />
                <SequencePoint vc="2" uspid="1949" ordinal="2" offset="14" sl="68" sc="13" el="68" ec="14" bec="0" bev="0" fileid="28" />
                <SequencePoint vc="2" uspid="1950" ordinal="3" offset="15" sl="69" sc="17" el="69" ec="29" bec="0" bev="0" fileid="28" />
                <SequencePoint vc="0" uspid="1951" ordinal="4" offset="19" sl="72" sc="13" el="72" ec="14" bec="0" bev="0" fileid="28" />
                <SequencePoint vc="0" uspid="1952" ordinal="5" offset="20" sl="73" sc="17" el="73" ec="104" bec="0" bev="0" fileid="28" />
                <SequencePoint vc="0" uspid="1953" ordinal="6" offset="37" sl="74" sc="17" el="74" ec="30" bec="0" bev="0" fileid="28" />
                <SequencePoint vc="2" uspid="1954" ordinal="7" offset="41" sl="76" sc="9" el="76" ec="10" bec="0" bev="0" fileid="28" />
              </SequencePoints>
              <BranchPoints>
                <BranchPoint vc="2" uspid="1955" ordinal="0" offset="12" sl="67" path="0" offsetend="14" fileid="28" />
                <BranchPoint vc="0" uspid="1956" ordinal="1" offset="12" sl="67" path="1" offsetend="19" fileid="28" />
              </BranchPoints>
              <MethodPoint xsi:type="SequencePoint" vc="2" uspid="1947" ordinal="0" offset="0" sl="66" sc="9" el="66" ec="10" bec="0" bev="0" fileid="28" />
            </Method>
            <Method visited="true" cyclomaticComplexity="4" nPathComplexity="4" sequenceCoverage="100" branchCoverage="100" isConstructor="false" isStatic="true" isGetter="false" isSetter="false">
              <Summary numSequencePoints="11" visitedSequencePoints="11" numBranchPoints="5" visitedBranchPoints="5" sequenceCoverage="100" branchCoverage="100" maxCyclomaticComplexity="4" minCyclomaticComplexity="4" visitedClasses="0" numClasses="0" visitedMethods="1" numMethods="1" />
              <MetadataToken>100663452</MetadataToken>
              <Name>System.Boolean _393_Food_Machine.Models.FieldValidator::ValidateWithinRange(System.Int32,System.Type,System.String,System.String)</Name>
              <FileRef uid="28" />
              <SequencePoints>
                <SequencePoint vc="16" uspid="1957" ordinal="0" offset="0" sl="79" sc="9" el="79" ec="10" bec="0" bev="0" fileid="28" />
                <SequencePoint vc="16" uspid="1958" ordinal="1" offset="1" sl="80" sc="13" el="80" ec="70" bec="2" bev="2" fileid="28" />
                <SequencePoint vc="7" uspid="1959" ordinal="2" offset="29" sl="81" sc="13" el="81" ec="14" bec="0" bev="0" fileid="28" />
                <SequencePoint vc="7" uspid="1960" ordinal="3" offset="30" sl="82" sc="17" el="82" ec="29" bec="0" bev="0" fileid="28" />
                <SequencePoint vc="9" uspid="1961" ordinal="4" offset="34" sl="85" sc="13" el="85" ec="60" bec="2" bev="2" fileid="28" />
                <SequencePoint vc="2" uspid="1962" ordinal="5" offset="50" sl="86" sc="13" el="86" ec="14" bec="0" bev="0" fileid="28" />
                <SequencePoint vc="2" uspid="1963" ordinal="6" offset="51" sl="87" sc="17" el="87" ec="29" bec="0" bev="0" fileid="28" />
                <SequencePoint vc="7" uspid="1964" ordinal="7" offset="55" sl="90" sc="13" el="90" ec="14" bec="0" bev="0" fileid="28" />
                <SequencePoint vc="7" uspid="1965" ordinal="8" offset="56" sl="91" sc="17" el="91" ec="127" bec="0" bev="0" fileid="28" />
                <SequencePoint vc="7" uspid="1966" ordinal="9" offset="73" sl="92" sc="17" el="92" ec="30" bec="0" bev="0" fileid="28" />
                <SequencePoint vc="16" uspid="1967" ordinal="10" offset="77" sl="94" sc="9" el="94" ec="10" bec="0" bev="0" fileid="28" />
              </SequencePoints>
              <BranchPoints>
                <BranchPoint vc="7" uspid="1970" ordinal="2" offset="27" sl="80" path="0" offsetend="29" fileid="28" />
                <BranchPoint vc="9" uspid="1971" ordinal="3" offset="27" sl="80" path="1" offsetend="34" fileid="28" />
                <BranchPoint vc="2" uspid="1972" ordinal="4" offset="48" sl="85" path="0" offsetend="50" fileid="28" />
                <BranchPoint vc="7" uspid="1973" ordinal="5" offset="48" sl="85" path="1" offsetend="55" fileid="28" />
              </BranchPoints>
              <MethodPoint xsi:type="SequencePoint" vc="16" uspid="1957" ordinal="0" offset="0" sl="79" sc="9" el="79" ec="10" bec="0" bev="0" fileid="28" />
            </Method>
            <Method visited="true" cyclomaticComplexity="1" nPathComplexity="0" sequenceCoverage="100" branchCoverage="100" isConstructor="false" isStatic="true" isGetter="false" isSetter="false">
              <Summary numSequencePoints="3" visitedSequencePoints="3" numBranchPoints="1" visitedBranchPoints="1" sequenceCoverage="100" branchCoverage="100" maxCyclomaticComplexity="1" minCyclomaticComplexity="1" visitedClasses="0" numClasses="0" visitedMethods="1" numMethods="1" />
              <MetadataToken>100663453</MetadataToken>
              <Name>System.Int32 _393_Food_Machine.Models.FieldValidator::getComboIndex(System.Type,System.String)</Name>
              <FileRef uid="28" />
              <SequencePoints>
                <SequencePoint vc="31" uspid="1974" ordinal="0" offset="0" sl="98" sc="9" el="98" ec="10" bec="0" bev="0" fileid="28" />
                <SequencePoint vc="31" uspid="1975" ordinal="1" offset="1" sl="99" sc="13" el="99" ec="66" bec="0" bev="0" fileid="28" />
                <SequencePoint vc="31" uspid="1976" ordinal="2" offset="16" sl="100" sc="9" el="100" ec="10" bec="0" bev="0" fileid="28" />
              </SequencePoints>
              <BranchPoints />
              <MethodPoint xsi:type="SequencePoint" vc="31" uspid="1974" ordinal="0" offset="0" sl="98" sc="9" el="98" ec="10" bec="0" bev="0" fileid="28" />
            </Method>
            <Method visited="true" cyclomaticComplexity="2" nPathComplexity="2" sequenceCoverage="100" branchCoverage="100" isConstructor="false" isStatic="true" isGetter="false" isSetter="false">
              <Summary numSequencePoints="8" visitedSequencePoints="8" numBranchPoints="3" visitedBranchPoints="3" sequenceCoverage="100" branchCoverage="100" maxCyclomaticComplexity="2" minCyclomaticComplexity="2" visitedClasses="0" numClasses="0" visitedMethods="1" numMethods="1" />
              <MetadataToken>100663454</MetadataToken>
              <Name>System.String _393_Food_Machine.Models.FieldValidator::getComboName(System.Type,System.Enum)</Name>
              <FileRef uid="28" />
              <SequencePoints>
                <SequencePoint vc="26" uspid="1977" ordinal="0" offset="0" sl="104" sc="9" el="104" ec="10" bec="0" bev="0" fileid="28" />
                <SequencePoint vc="26" uspid="1978" ordinal="1" offset="1" sl="107" sc="13" el="107" ec="67" bec="0" bev="0" fileid="28" />
                <SequencePoint vc="26" uspid="1979" ordinal="2" offset="14" sl="108" sc="13" el="108" ec="29" bec="2" bev="2" fileid="28" />
                <SequencePoint vc="5" uspid="1980" ordinal="3" offset="22" sl="109" sc="13" el="109" ec="14" bec="0" bev="0" fileid="28" />
                <SequencePoint vc="5" uspid="1981" ordinal="4" offset="23" sl="110" sc="17" el="110" ec="79" bec="0" bev="0" fileid="28" />
                <SequencePoint vc="21" uspid="1982" ordinal="5" offset="44" sl="113" sc="13" el="113" ec="14" bec="0" bev="0" fileid="28" />
                <SequencePoint vc="21" uspid="1983" ordinal="6" offset="45" sl="114" sc="17" el="114" ec="54" bec="0" bev="0" fileid="28" />
                <SequencePoint vc="26" uspid="1984" ordinal="7" offset="55" sl="116" sc="9" el="116" ec="10" bec="0" bev="0" fileid="28" />
              </SequencePoints>
              <BranchPoints>
                <BranchPoint vc="5" uspid="1985" ordinal="0" offset="20" sl="108" path="0" offsetend="22" fileid="28" />
                <BranchPoint vc="21" uspid="1986" ordinal="1" offset="20" sl="108" path="1" offsetend="44" fileid="28" />
              </BranchPoints>
              <MethodPoint xsi:type="SequencePoint" vc="26" uspid="1977" ordinal="0" offset="0" sl="104" sc="9" el="104" ec="10" bec="0" bev="0" fileid="28" />
            </Method>
            <Method visited="false" cyclomaticComplexity="1" nPathComplexity="0" sequenceCoverage="0" branchCoverage="0" isConstructor="true" isStatic="false" isGetter="false" isSetter="false">
              <Summary numSequencePoints="0" visitedSequencePoints="0" numBranchPoints="0" visitedBranchPoints="0" sequenceCoverage="0" branchCoverage="0" maxCyclomaticComplexity="1" minCyclomaticComplexity="1" visitedClasses="0" numClasses="0" visitedMethods="0" numMethods="0" />
              <MetadataToken>100663455</MetadataToken>
              <Name>System.Void _393_Food_Machine.Models.FieldValidator::.ctor()</Name>
              <SequencePoints />
              <BranchPoints />
              <MethodPoint vc="0" uspid="1987" ordinal="0" offset="0" />
            </Method>
          </Methods>
        </Class>
      </Classes>
    </Module>
    <Module skippedDueTo="Filter" hash="D9-C1-13-E8-17-AC-82-25-0C-08-02-EB-AB-EC-72-A9-43-B2-C0-CC">
      <ModulePath>C:\Windows\Microsoft.Net\assembly\GAC_MSIL\System.Windows.Forms\v4.0_4.0.0.0__b77a5c561934e089\System.Windows.Forms.dll</ModulePath>
      <ModuleTime>2016-09-14T20:14:35.0841234Z</ModuleTime>
      <ModuleName>System.Windows.Forms</ModuleName>
      <Classes />
    </Module>
    <Module skippedDueTo="Filter" hash="10-12-A2-C6-A0-B8-51-63-D1-3A-89-CF-6B-26-F7-7D-C2-69-68-B0">
      <ModulePath>C:\Windows\Microsoft.Net\assembly\GAC_MSIL\System\v4.0_4.0.0.0__b77a5c561934e089\System.dll</ModulePath>
      <ModuleTime>2016-02-26T03:21:48Z</ModuleTime>
      <ModuleName>System</ModuleName>
      <Classes />
    </Module>
    <Module skippedDueTo="Filter" hash="08-B5-A7-5C-7D-70-75-12-11-B9-E8-36-9A-C7-62-A0-12-5F-B5-D6">
      <ModulePath>C:\Windows\Microsoft.Net\assembly\GAC_MSIL\System.Drawing\v4.0_4.0.0.0__b03f5f7f11d50a3a\System.Drawing.dll</ModulePath>
      <ModuleTime>2015-12-28T18:58:38Z</ModuleTime>
      <ModuleName>System.Drawing</ModuleName>
      <Classes />
    </Module>
    <Module skippedDueTo="Filter" hash="9C-DB-95-DC-25-D5-38-7E-C2-3A-20-8F-14-5D-A9-56-2A-D7-00-E3">
      <ModulePath>C:\Windows\Microsoft.Net\assembly\GAC_MSIL\System.Configuration\v4.0_4.0.0.0__b03f5f7f11d50a3a\System.Configuration.dll</ModulePath>
      <ModuleTime>2016-09-14T20:14:35.3112744Z</ModuleTime>
      <ModuleName>System.Configuration</ModuleName>
      <Classes />
    </Module>
    <Module skippedDueTo="Filter" hash="14-44-50-38-34-98-5F-C6-45-8B-50-B5-CF-D7-E1-0A-28-8F-5E-E8">
      <ModulePath>C:\Windows\Microsoft.Net\assembly\GAC_MSIL\System.Xml\v4.0_4.0.0.0__b77a5c561934e089\System.Xml.dll</ModulePath>
      <ModuleTime>2015-12-03T03:40:40Z</ModuleTime>
      <ModuleName>System.Xml</ModuleName>
      <Classes />
    </Module>
    <Module skippedDueTo="MissingPdb" hash="6F-9A-72-A2-1A-F4-A0-68-B7-DE-68-06-A9-AC-07-66-B8-57-6F-5B">
      <ModulePath>C:\Windows\Microsoft.Net\assembly\GAC_MSIL\Accessibility\v4.0_4.0.0.0__b03f5f7f11d50a3a\Accessibility.dll</ModulePath>
      <ModuleTime>2013-08-10T00:51:49.0160034Z</ModuleTime>
      <ModuleName>Accessibility</ModuleName>
      <Classes />
    </Module>
    <Module skippedDueTo="MissingPdb" hash="6B-0D-A7-56-17-A2-26-94-93-DC-1A-68-5D-7A-0B-07-F2-E4-8C-75">
      <ModulePath>C:\Users\Joe\Documents\Visual Studio 2015\Projects\393_Food_Machine\393_Food_Machine\bin\Debug\Newtonsoft.Json.dll</ModulePath>
      <ModuleTime>2016-06-14T03:06:14Z</ModuleTime>
      <ModuleName>Newtonsoft.Json</ModuleName>
      <Classes />
    </Module>
    <Module skippedDueTo="Filter" hash="31-76-6A-81-5B-45-2B-B2-02-8C-E4-69-D2-C3-8F-87-B1-54-25-E8">
      <ModulePath>C:\Windows\Microsoft.Net\assembly\GAC_MSIL\System.Core\v4.0_4.0.0.0__b77a5c561934e089\System.Core.dll</ModulePath>
      <ModuleTime>2016-09-14T20:14:35.3072724Z</ModuleTime>
      <ModuleName>System.Core</ModuleName>
      <Classes />
    </Module>
    <Module skippedDueTo="Filter" hash="53-BE-40-65-72-CF-40-9A-6B-43-AD-5D-1B-BB-67-61-8D-23-0F-4F">
      <ModulePath>C:\Windows\Microsoft.Net\assembly\GAC_MSIL\System.Numerics\v4.0_4.0.0.0__b77a5c561934e089\System.Numerics.dll</ModulePath>
      <ModuleTime>2016-09-14T20:14:35.2142103Z</ModuleTime>
      <ModuleName>System.Numerics</ModuleName>
      <Classes />
    </Module>
    <Module skippedDueTo="Filter" hash="D1-E5-AC-AB-DF-89-EF-36-FA-C3-C2-47-47-DC-83-A6-08-4C-A6-50">
      <ModulePath>C:\Windows\Microsoft.Net\assembly\GAC_MSIL\System.Runtime.Serialization\v4.0_4.0.0.0__b77a5c561934e089\System.Runtime.Serialization.dll</ModulePath>
      <ModuleTime>2016-09-14T20:14:35.194197Z</ModuleTime>
      <ModuleName>System.Runtime.Serialization</ModuleName>
      <Classes />
    </Module>
    <Module skippedDueTo="Filter" hash="DF-4A-DE-40-BE-24-D6-36-12-5C-3E-21-0D-59-5D-93-07-87-C1-6D">
      <ModulePath>C:\Windows\Microsoft.Net\assembly\GAC_MSIL\System.Xml.Linq\v4.0_4.0.0.0__b77a5c561934e089\System.Xml.Linq.dll</ModulePath>
      <ModuleTime>2013-08-10T00:55:49.3051911Z</ModuleTime>
      <ModuleName>System.Xml.Linq</ModuleName>
      <Classes />
    </Module>
    <Module skippedDueTo="Filter" hash="BF-DA-50-DC-CC-1B-A2-19-90-9F-E4-17-9C-D9-13-FB-1E-94-AF-90">
      <ModulePath>C:\Windows\Microsoft.Net\assembly\GAC_32\System.Data\v4.0_4.0.0.0__b77a5c561934e089\System.Data.dll</ModulePath>
      <ModuleTime>2016-05-20T07:39:32Z</ModuleTime>
      <ModuleName>System.Data</ModuleName>
      <Classes />
    </Module>
  </Modules>
</CoverageSession>